# Log started: 2018-12-05 16:59:36 +0900
[16:59:36] <%+탁구왕김제봉 (tonyseo)> 밸런스패치도 아닌데 아르카나는 너프먹음 ㅋㅋㅋㅋㅋㅋㅋ
[17:09:45] <%녹녹넉넉 (peterpiperpickedapack)> 풍형...
[17:09:56] <%녹녹넉넉 (peterpiperpickedapack)> 보고싶어욧 흑흡
[17:30:21] <%limits2018> 풍형 기여어.....
[17:30:49] <%$풍성한풍뎅이 (qkrwjdgh1103)> ?!
[17:32:59] <%limits2018> 다시보기 보니까 오늘이랑 내일 휴방이넹ㅠㅠ 풍형으딨어여
[17:47:00] <%+탁구왕김제봉 (tonyseo)> 지금 이사준비로 바쁠껄여
[17:47:19] <%+탁구왕김제봉 (tonyseo)> 아니면 이미 포장은 다하고 포장이사 업체분들이랑 이삿짐나르고있을듯
[17:47:37] <%+탁구왕김제봉 (tonyseo)> 짐다옮기고 짜장면에 탕수육드시고 계실지도?
[17:47:45] <%+탁구왕김제봉 (tonyseo)> 그럼 주니어 유치원 옮기는건가?
[17:47:55] <%+탁구왕김제봉 (tonyseo)> 친구들이랑 생이별이넹
[18:15:36] <빅고구마 (vic2j)> 풍형,, 이사 잘 하시길~!
[18:40:51] <대지야 (sorrow3000)> 이사? 타워팰리스 갔나?
[18:43:59] <%자취라이프 (londsve)> 돼지점프 돼지점프 와다다다다다다다다
[18:44:05] <풍형잠깐내말좀들어봐 (ookokooh37)> 지각이다 대지뇨속
[18:45:55] <popung2834> 킁킁
[18:45:57] <popung2834> 대지냄시
[18:57:59] <%마야마루 (mayamaru001)> 엽엽
[18:59:23] <엽엽충 (cy3669)> 오~~~~~이!
[19:02:44] <gywls422> 대지야 로아하나
[19:02:53] <크레프터 (kimghton)> 이사합니당
[19:03:02] <gywls422> 아 오늘 방송 없나용
[19:03:04] <gywls422> 까먹엇넹
[19:03:14] <크레프터 (kimghton)> 넵 오늘내일 이사하셔서 쉬신대요
[19:03:19] <%$풍월량짱짱맨 (wjdghk0000)> 으앙 ㅠㅠ
[19:03:25] <gywls422> 근데님은 여기왜잇어용
[19:03:30] <gywls422> ㅋㅋㅋㅋㅋㅋㅋㅋㅋㅋㅋㅋㅋㅋㅋ
[19:03:36] <크레프터 (kimghton)> 재방송보러왔어요 ㅎ
[19:03:45] <%$풍월량짱짱맨 (wjdghk0000)> 저도 다시보기 하러..ㅎㅎ
[19:03:51] <gywls422> 아 ㅋㅋㅋ진성 풍뎅이님들
[19:04:01] <크레프터 (kimghton)> ㅋㅋㅋㅋ
[19:04:01] <%코코마룬 (cocomaroon)> 부랑자가되어 부랑부랑 거리는중....
[19:04:04] <gywls422> 좋은 하루되세엽엽
[19:04:07] <크레프터 (kimghton)> 님두엽
[19:04:09] <%$풍월량짱짱맨 (wjdghk0000)> 엽엽
[19:04:09] <%+탁구왕김제봉 (tonyseo)> 샤봉디 제도에서
[19:04:17] <크레프터 (kimghton)> 이틀후에~
[19:04:17] <%+탁구왕김제봉 (tonyseo)> 2D후에 만나기로 했어여
[19:04:19] <크레프터 (kimghton)> ㅋㅋㅋ
[19:28:27] <y2o2u2n2> 오늘방송업나엽
[19:28:34] <y2o2u2n2> 방방방송송송
[19:28:36] <y2o2u2n2> 엽엽엽
[19:29:31] <데레스테 (vkanak)> 어 ㅠ 휴방
[19:35:08] <TheSoLy> 대지..
[19:47:33] <dregooon> 휴방인걸 알지만
[19:48:53] <wasp1211520> 오늘 풍형 쉬시나여??
[19:51:10] <dregooon> 오늘 내일 쉬는걸로 알고있어요
[19:51:28] <루카와아 (realsm22)> 대지 휴방 ㅠㅠ
[19:54:30] <jujj0121> ?
[19:58:41] <스트로밤밤추 (strobambam14)> 오늘 휴방한다는 거임 오늘 내일 휴방한다는 거임?
[20:00:08] <사영삼 (aridda95)> 7일날 오신다니까 오늘 내일이죠
[20:03:42] <맥밀런 (macmillan0613)> 풍 월 량 조 아 흑흑
[20:04:03] <못본척해줘 (klk7837)> 휴! to the 방!
[20:04:10] <gomting2818> 자장면 먹고있겠네 형
[20:04:13] <%구구구ㅜㄱ (amareis0713)> poongNawa poongNawa poongTt
[20:04:43] <풍어알 (rrkwh)> 돼지뇨속
[20:05:47] <풍어알 (rrkwh)> 이틀이나 쉬다니 돼지뇨속
[20:06:27] <서울도시농장 (slrspdla966)> 그립습니다.
[20:10:45] <%GUSWJD9511> 아아 계십니가
[20:10:47] <%GUSWJD9511> 마이크테스트
[20:12:14] <$리쌍2 (chul75321)> 대지뇨석
[20:12:26] <서울도시농장 (slrspdla966)> 오늘 이사인가요?
[20:12:31] <서울도시농장 (slrspdla966)> 아니면 내일?
[20:15:34] <%PoongsRoDah> 아 맞다 오늘 휴방이지....
[20:15:43] <korfocus> 맞다
[20:15:54] <korfocus> 내일까지지 까먹었넹
[20:15:55] <$페사트 (jioow16)> 이사...
[20:16:02] <korfocus> 대기타고있었네 -ㅅ- ;;
[20:16:11] <%PoongsRoDah> 평소처럼 켜놓고 있었네....ㅎ
[20:16:11] <pge202> 엽엽
[20:16:37] <%GUSWJD9511> ㅇㅏ맞다 휴방이지,,
[20:16:38] <%GUSWJD9511> 외롭다
[20:17:33] <y2o2u2n2> ㅠ
[20:18:30] <$유저정보 (sskkyy95)> 로아 루페온 2000자리 나왔네요 캐릭 키워서 방종에 할라할라각
[20:18:47] <성공한사람 (meki96)> 오늘 방송업나요
[20:18:50] <성공한사람 (meki96)> ㅜㅜ
[20:19:10] <korfocus> 누구꺼보징 ..
[20:19:31] <루카와아 (realsm22)> 수녀나오는 곰보겜 보다가 웃겨죽는지 알았네..
[20:19:34] <ehfkdpahd321> 아닛!?!?!?!?!
[20:19:41] <강남피터팬 (taeliel)> 읏 추워
[20:19:43] <$poongthemoon> 어제꺼보면 돼지요
[20:19:47] <풍형잠깐내말좀들어봐 (ookokooh37)> 지각이다 대지뇨속
[20:19:55] <루카와아 (realsm22)> 휴뱅임
[20:19:57] <루카와아 (realsm22)> 지각 ㄴㄴ
[20:20:14] <강남피터팬 (taeliel)> 나니?
[20:20:23] <geralt455> 오늘 휴방이예엽?
[20:20:36] <루카와아 (realsm22)> 오늘 내일 휴방
[20:20:40] <풍형잠깐내말좀들어봐 (ookokooh37)> 지각이애요
[20:20:44] <풍형잠깐내말좀들어봐 (ookokooh37)> 곧 올거라구욧
[20:20:45] <쫘쫘쫘 (bamggul)> 이형은 내가 방송보는게 가능한날만 휴방이야... 나랑 안맞나봐...ㅜㅜㅜ
[20:21:06] <꾸아아앙 (pennl92)> 이사풍ㅠ
[20:21:18] <메롯만우유 (esfo656)> BibleThump
[20:21:19] <$리쌍2 (chul75321)> 56일 휴방이라니 ㄷㄷ
[20:21:27] <geralt455> 아..오늘 내일 이사라서 휴방이구낫
[20:21:31] <규뱀 (qkrtmaos0)> 해명해
[20:21:45] <메롯만우유 (esfo656)> 56일 휴방 해명해
[20:21:56] <강남피터팬 (taeliel)> 내일까지휴방이네요...
[20:22:01] <%카카시잇 (shfogkwl)> 이사라닝!
[20:22:21] <겨울곰 (wintermateo)> 아.. 휴방...
[20:22:31] <꾸아아앙 (pennl92)> 풍타워 완공ㄷㄷ
[20:22:39] <leeguma> 엽엽 ㅠㅜ
[20:22:42] <메롯만우유 (esfo656)> ㅋㅋㅋ
[20:23:14] <super_gaming_bot> 아 맞어 오늘 내일 쉰다그랬지 ㅠㅠ
[20:24:27] <루_시_드_드_림 (vocalist918)> 우울하다
[20:24:52] <루카와아 (realsm22)> 태보해
[20:25:29] <%세무좀비 (bizyjo)> 휴방 ㅜㅜ
[20:25:48] <%세무좀비 (bizyjo)> poongTt
[20:25:57] <루카와아 (realsm22)> 똥겜보고싶다..
[20:26:14] <%기뻐 (smsm9879)> 2424
[20:26:18] <맵크리트 (totoman1290)> 앗
[20:26:28] <hwiung2> 대지뇨속
[20:26:36] <hwiung2> 방송언제키냣
[20:26:49] <루카와아 (realsm22)> 내일모래 킵니다
[20:26:53] <$뚜우까 (cocococo)> 5,6일 휴장이에엽
[20:26:57] <$뚜우까 (cocococo)> 휴방이에엽
[20:27:03] <%세무좀비 (bizyjo)> 56일뒤 켭니다
[20:27:27] <루카와아 (realsm22)> 휴뱅인데 난 왜여기있는거지
[20:27:36] <%캔필드 (qowl5252)> poongTt
[20:28:03] <simpson1955> 휴방이라니....휴방이라니.....
[20:28:07] <simpson1955> 돼지뇨속.....
[20:28:22] <보라팬텀 (leejs1292)> 휴방인가유??? ㅠㅠ
[20:28:27] <리치리치젤리 (dasong89)> 휴방????
[20:28:32] <피버사랑 (paparokim)> 이사한다네요
[20:28:33] <simpson1955> 낼까지 휴방이래여
[20:28:42] <simpson1955> 프로필 눌리면 나와요
[20:28:43] <리치리치젤리 (dasong89)> ㅠㅠ
[20:28:47] <보라팬텀 (leejs1292)> 글쿠낭 ㅠㅠ
[20:28:54] <simpson1955> :(
[20:28:56] <데미지제로 (songa003)> 휴?
[20:29:01] <보라팬텀 (leejs1292)> :(
[20:29:09] <허니부기 (shllsm)> 24간대유
[20:29:12] <$피빛날개 (ghost0072)> 아 맞다 오늘 휴방이지..
[20:29:34] <watcs1> 짜장면 드시고 계시겠넹
[20:29:40] <$피빛날개 (ghost0072)> ㄴㄴ
[20:29:48] <$피빛날개 (ghost0072)> 오늘 짐싸고 낼 옮기고 있을겁니다
[20:29:56] <%time21s> 아 맞다
[20:30:00] <watcs1> 아하
[20:30:02] <만두감자 (gamjamandoo)> 오늘 방송 있나요
[20:30:03] <향로봉 (asdfry)> 오늘 안오심?
[20:30:05] <%time21s> 뿡형 이사하신댔지 ㅠㅠㅠㅠㅠㅠㅠㅠ
[20:30:09] <$유저정보 (sskkyy95)> 56일 휴방...
[20:30:11] <향로봉 (asdfry)> ㅠㅠㅠ
[20:30:16] <watcs1> 하루만에 정리되실려나
[20:30:16] <만두감자 (gamjamandoo)> ㅠㅠㅠ
[20:30:21] <sangsoo89> 헐ㅜㅜ
[20:30:21] <askldfghj> 이러면 이형 7일날 만약에 대난투하면 시참각 나오나...
[20:30:24] <$유저정보 (sskkyy95)> 지금 약 20일쯤 지나는중
[20:30:57] <김복실이 (pmk00116)> 휴방이구나
[20:31:11] <$피빛날개 (ghost0072)> 요즘 포장이사 잘해줘서
[20:31:24] <$피빛날개 (ghost0072)> 중요 물품만 따로 포장해두면 나머진 알아서 포장 해줘요
[20:31:36] <+까마귀까악까악 (qwwe6543)> 풍형 이사가시면 주니어도 전학가려나요
[20:31:36] <+현금 (akstpasd)> 흑흑 이틀휴방
[20:31:43] <$피빛날개 (ghost0072)> 포장 하는거보고 이사하는 집 가서 배치만 어떻게 한다고 말해주면 그대로 해줍니다
[20:31:47] <$피빛날개 (ghost0072)> 주니어 전학간데요
[20:31:48] <꽃냥냥 (piu1020)> 아맞다 이형 이사간댔지 ㅠㅠ?
[20:31:49] <꽃냥냥 (piu1020)> 엉엉
[20:32:06] <오월의봉다리 (omay5)> 주니어 유치원생이에영
[20:32:29] <+까마귀까악까악 (qwwe6543)> 근데 어느 지역으로 이사간다고 하셨었나요?
[20:32:39] <+현금 (akstpasd)> 송도 던가?
[20:32:45] <풍월량바부 (aksdnj0)> 보고싶다..
[20:32:52] <%와베스피자 (kimjm1212)> 오늘 풍형만난 송도풍뎅이 없나
[20:33:07] <Zntus1544> 오늘 휴방인가요?
[20:33:07] <+현금 (akstpasd)> 이삿짐센터직원분이 풍뎅이였음좋겠다
[20:33:11] <+까마귀까악까악 (qwwe6543)> 아 그래서 히트맨에서 송도얘기가 나왔었구나
[20:33:13] <+현금 (akstpasd)> 내일까지 휴방이에욥
[20:33:20] <Zntus1544> 넵 ㄱㅅㄱㅅ
[20:33:35] <칠만 (des_ignes)> 오늘 휴방인가요?
[20:33:44] <꿀꿀붕어 (winttp)> 안녕하세용 풍월량입니다. 12월 5일 6일 이사관계로 휴방합니다. 죄송해영 빨리올게영 7일날 밤에 뵐게용!! 좋은 하루 되세영
[20:33:58] <칠만 (des_ignes)> 아 이삿날이구나
[20:34:00] <칠만 (des_ignes)> 감사합니다
[20:34:21] <+현금 (akstpasd)> 이 형 요새들어 시청자들이 더 늘고있는것같아
[20:34:45] <+현금 (akstpasd)> 대지뇨속
[20:34:55] <xzcxzc> 아 오늘 휴방이구나
[20:34:56] <ryung0320> 원래도 많았던거 같은뎅
[20:35:20] <+현금 (akstpasd)> 넹 근데 더늘어가는것같아서 기분이좋네요 ㅋㅋㅋ
[20:35:24] <$ultrasenior2> 대지대지
[20:35:29] <그린기린그림 (png7753)> 우리 대지 어디갔어
[20:35:35] <+현금 (akstpasd)> 풍튜브 이틀동안 봐야대
[20:35:38] <$ultrasenior2> 치직 공지 봐라
[20:35:54] <$ultrasenior2> 생존자 응답하라 치직
[20:36:00] <웃는애 (gracej1117)> 아아..풍..당신은..
[20:36:02] <%김허파 (rikuku1210)> 치칙
[20:36:08] <%김허파 (rikuku1210)> 아아
[20:36:10] <ryung0320> 이삿날이라서 이틀휴방이래요
[20:36:11] <%와베스피자 (kimjm1212)> 와..베..스......
[20:36:12] <%김허파 (rikuku1210)> 이장이 전달합니다
[20:36:14] <$ultrasenior2> 풍단현상이
[20:36:16] <+현금 (akstpasd)> 엽 엽
[20:36:17] <%김허파 (rikuku1210)> 오늘 풍월량은
[20:36:19] <%김허파 (rikuku1210)> 휴방입니다
[20:36:25] <$ultrasenior2> 으으 풍단현상 온다
[20:36:25] <$ㅂㅇ싸만코 (gjsdltkd)> ㅜ
[20:36:28] <%와베스피자 (kimjm1212)> 우리 돼지 돌려내라!~
[20:36:32] <$ultrasenior2> 손이 떨려
[20:36:35] <%김허파 (rikuku1210)> 다들
[20:36:43] <$ultrasenior2> 강남건물로 이사 실화입니까??
[20:36:46] <%김허파 (rikuku1210)> 풍튜브로가서 모여주시기 바랍니다
[20:36:48] <%김허파 (rikuku1210)> 치칙
[20:36:54] <%김허파 (rikuku1210)> 이상 이장 전달끝입니다
[20:37:09] <$ultrasenior2> 어디로 이사한것이지
[20:37:20] <아샤에라 (qudns3)> 송도
[20:37:21] <%와베스피자 (kimjm1212)> 송도에 수영장 딸린 100평
[20:37:22] <성북구핵주먹 (byun0562)> 송도의 한 신축아파트로 이사갔습니다
[20:37:51] <cytaapp> 어차피 일주일이면 층수까지 소문날듯
[20:37:54] <kjs2008> 휴방인가여
[20:38:03] <bonappetit12> 12월 5일 6일 이사관계로 휴방합니다. 안녕하세용 풍월량입니다. 12월 5일 6일 이사관계로 휴방합니다. 죄송해영 빨리올게영 7일날 밤에 뵐게용!! 좋은 하루 되세영
[20:38:19] <bonappetit12> 휴방입니다
[20:38:26] <치즈불닭볶음면 (alsthdk123)> 왜요
[20:38:31] <kjs2008> 휴방인가요
[20:38:34] <치즈불닭볶음면 (alsthdk123)> 왜 휴방
[20:38:39] <bonappetit12> 12월 5일 6일 이사관계로 휴방합니다. 안녕하세용 풍월량입니다. 12월 5일 6일 이사관계로 휴방합니다. 죄송해영 빨리올게영 7일날 밤에 뵐게용!! 좋은 하루 되세영
[20:38:49] <치즈불닭볶음면 (alsthdk123)> ..
[20:38:59] <우리달 (xmdnlcl1117)> 오 이사하시는구나
[20:39:03] <박썬업 (itsun92)> 오 이사라니
[20:39:07] <kunwoo6> 위 채팅 풍형 부계임?
[20:39:16] <bonappetit12> 아닌데요 그냥 풍뎅이인데요
[20:39:27] <kunwoo6> 아 넵ㅋㅋ
[20:39:36] <han05242016> 그아아아아앗
[20:39:44] <넙치회 (nubchi225)> 돼지이이이이이
[20:39:46] <bonappetit12> ㅋㅋㅋㅋㅋㅋ
[20:40:18] <넙치회 (nubchi225)> 휴방하는 풍형은 돼지일뿌니야..
[20:40:35] <yeonbhada> 엽엽
[20:40:43] <dmgkgp> 헉 드뎌 이사한거야??
[20:40:45] <A0202> 오늘 휴방인가요
[20:40:46] <A0202> ??
[20:40:48] <bonappetit12> 네
[20:40:49] <bonappetit12> 휴방입니다
[20:40:57] <A0202> 돼지뇨석 내일와야지
[20:41:04] <bonappetit12> 내일도 휴방입니다
[20:41:07] <bonappetit12> 7일날 오십니다
[20:41:10] <yhc9261> 아악!!
[20:41:12] <A0202> ㅇㅇㄳ
[20:41:13] <baetamong1> 왜 또 안해
[20:41:15] <허밀레 (good8262)> ?공지 있나염?
[20:41:16] <여기에요 (dpvhdldk12)> 앗..
[20:41:17] <bonappetit12> 12월 5일 6일 이사관계로 휴방합니다. 안녕하세용 풍월량입니다. 12월 5일 6일 이사관계로 휴방합니다. 죄송해영 빨리올게영 7일날 밤에 뵐게용!! 좋은 하루 되세영
[20:41:24] <동티모르꽃거지 (dzt2)> 방송화면창 아래로 내리면 공지
[20:41:26] <bonappetit12> 공지에요
[20:41:40] <%limits2018> ㅠㅠ푸형보궆다
[20:42:42] <%$잠딩 (nidtte)> 따뜻한 보금자리 찾으셨길....
[20:43:06] <$아메으리카노 (qkrwlstjd743)> 대지뇨속 왜 안옴?
[20:43:12] <bonappetit12> 휴방이에영
[20:43:13] <$아메으리카노 (qkrwlstjd743)> 958+5-*4/
[20:43:14] <우가우가풍뎅이 (elrenfly)> 아 이사하시네
[20:43:21] <우가우가풍뎅이 (elrenfly)> 이사하셔서 휴방이네
[20:43:38] <ehdir2> 풍형 48시간전 대기방이에요
[20:43:48] <poongkingdom> 앗...
[20:43:52] <스미쓰씨 (wnstj1115)> 대난투 대기방인가요?
[20:44:14] <%gorgeous1125> 풍월량은 이사 중 ■■■■□
[20:44:48] <Snakeblow> 이사하신다고 말했었나용?
[20:44:56] <bonappetit12> 넹
[20:45:14] <Snakeblow> 못들었었넹...
[20:45:18] <bonappetit12> 12월 5일 6일 이사관계로 휴방합니다.
[20:45:30] <Snakeblow> ㄳㄳ
[20:45:35] <kmj9906> 오늘 휴방이여?
[20:45:38] <bonappetit12> 네
[20:45:40] <bonappetit12> 휴방입니다
[20:45:45] <kmj9906> ㅜㅜㅜ글쿤요
[20:45:49] <bonappetit12> 7일날 오십니다
[20:45:55] <kmj9906> 감사해여
[20:46:20] <루메스 (bsh098)> 이사때문에 휴뱅인가보넹
[20:46:28] <hproling> ㅠ
[20:46:48] <풍형잠깐내말좀들어봐 (ookokooh37)> 지각이다 대지뇨속
[20:46:49] <공대장풍댕이 (srk99126)> 오늘방송안하나여
[20:47:01] <bonappetit12> 12월 5일 6일 이사관계로 휴방합니다.\
[20:47:14] <공대장풍댕이 (srk99126)> 앗 드디어 송도가는구나
[20:47:37] <풍형잠깐내말좀들어봐 (ookokooh37)> 섬으로 이사가는군요
[20:47:43] <풍형잠깐내말좀들어봐 (ookokooh37)> 섬에서 방송하시나
[20:47:56] <공대장풍댕이 (srk99126)> 인천입니당
[20:48:01] <+qnflqnfl21> 근데 풍월량님 방송 쉬는요일이 언젠가요?? 맨날 다르시던데..
[20:48:08] <공대장풍댕이 (srk99126)> 보통은금요일여
[20:48:08] <송명재 (thdaudwo11)> 금요일이용
[20:48:12] <bonappetit12> 요즘은 스케줄때문에 바쁘셔서
[20:48:15] <bonappetit12> 원래는 금요일이에영
[20:48:17] <+qnflqnfl21> 저번에는 화요일에 쉬던데
[20:48:20] <송명재 (thdaudwo11)> 오늘내일은 이사관계로
[20:48:21] <+qnflqnfl21> 원래 금요일인가요?
[20:48:21] <bonappetit12> 변동될수 있어요
[20:48:24] <bonappetit12> 넹
[20:48:26] <bonappetit12> 원래는 금요일
[20:48:28] <풍형잠깐내말좀들어봐 (ookokooh37)> 매주 금요일이 정규 휴방일이고
[20:48:29] <송명재 (thdaudwo11)> 가끔 개인사정때문에 변경돼용
[20:48:32] <bonappetit12> 근데 변동될수있어요 ㅇㅇ
[20:48:34] <testarotha> 6일 밤 늦게라도 틀었으면...
[20:48:36] <+qnflqnfl21> 아하 감사합니다
[20:48:38] <풍형잠깐내말좀들어봐 (ookokooh37)> 스케줄 때문에 다른날 쉬게되면 금요일날 방송하는 식으로 해요
[20:48:58] <lotey14> 엽 ㅠ
[20:49:16] <풍형잠깐내말좀들어봐 (ookokooh37)> 머기업 붕얼양님 섬으로 이사가는 이유가 뭔가엽
[20:49:27] <%$ㅆㅏㅇ방울ㅇ (mhs6819)> 섬ㅋㅋ
[20:49:30] <zerosmart> 오늘 방송 안하시나요
[20:49:33] <bonappetit12> 네
[20:49:34] <%$ㅆㅏㅇ방울ㅇ (mhs6819)> 섬은 아니에여ㅋㅋㅋ
[20:49:35] <bonappetit12> 휴방입니다
[20:49:40] <bonappetit12> 풍월량님 12월 5일 6일 이사관계로 방송 휴방이세요
[20:49:43] <풍형잠깐내말좀들어봐 (ookokooh37)> 송島
[20:49:43] <zerosmart> 헙 방금확인햇네요ㅠㅠㅠㅠ
[20:49:47] <%$ㅆㅏㅇ방울ㅇ (mhs6819)> 인천 아래쪽이에여
[20:49:48] <+ryufukui> Songdoman
[20:49:57] <%$ㅆㅏㅇ방울ㅇ (mhs6819)> 아ㅋㅋ
[20:50:03] <%$ㅆㅏㅇ방울ㅇ (mhs6819)> 그러넹
[20:50:10] <콘메 (kjusgp)> 대지 없당...
[20:50:12] <콘메 (kjusgp)> ㅠㅠ
[20:50:15] <%햄니이 (hyemini11)> ㅠㅠ 휴방
[20:50:21] <%$ㅆㅏㅇ방울ㅇ (mhs6819)> 요기찌 poongPig
[20:50:22] <풍월량과함께춤을 (hanryang0425)> 아마따오늘휴방..
[20:50:33] <공대장풍댕이 (srk99126)> 대지뇨속...힘들겠다
[20:50:37] <%햄니이 (hyemini11)> 어제 곰보겜 다시보러가야지 ㅠ
[20:51:26] <풍형잠깐내말좀들어봐 (ookokooh37)> 풍튜브봐라 뇨속들아
[20:51:33] <%$잠딩 (nidtte)> 풍튜브 추천해죠라
[20:51:38] <공대장풍댕이 (srk99126)> 복습시간입니다 다 유튜브로 가버리세요
[20:52:03] <$배그맨 (bnw414)> ㅠㅠ
[20:52:17] <%$ㅆㅏㅇ방울ㅇ (mhs6819)> 왠만한거 보셨으면 앞쪽부터 보셔도 새로워요
[20:52:32] <tkg3600> 아 이사가시네
[20:52:41] <풍형잠깐내말좀들어봐 (ookokooh37)> 질러팅 [민원신기- 라이징썬] https://youtu.be/abevzKTGOxQ
[20:52:54] <%$ㅆㅏㅇ방울ㅇ (mhs6819)> ㅋㅋㅋ웃겼었는뎅
[20:52:59] <%$잠딩 (nidtte)> 쓰레기통 보러 가야지..
[20:53:06] <rickylittle> 오늘 휴방?
[20:53:06] <%$ㅆㅏㅇ방울ㅇ (mhs6819)> 아 술먹방 또보구싶따
[20:53:10] <bonappetit12> 풍님 12월 5일 6일 이사관계로 방송 휴방하신대요
[20:53:15] <rickylittle> 엌
[20:53:18] <풍형잠깐내말좀들어봐 (ookokooh37)> 질러팅 [전설의 저체온티- 씨스루] https://youtu.be/kY2m54V0Fq8
[20:53:19] <코로찡 (sloviss)> 오늘쉬는날인가요
[20:53:24] <bonappetit12> 넹
[20:53:27] <bonappetit12> 휴방입니다
[20:53:32] <%$ㅆㅏㅇ방울ㅇ (mhs6819)> 넹 금요날오세여
[20:53:38] <코로찡 (sloviss)> 금요일꺼땅겨썻나보네
[20:53:39] <청규울 (hyacinth90)> ㅜㅜ
[20:53:39] <%니세깝 (nisecap12)> 풍형..... 좋은곳으로 가셨기를.....
[20:53:54] <풍형잠깐내말좀들어봐 (ookokooh37)> 질러팅 [저체온티2- 양화대교] https://youtu.be/2tB2l-Kt3l4
[20:53:55] <%$ㅆㅏㅇ방울ㅇ (mhs6819)> 좋은곳이죠 송도
[20:53:59] <%와베스피자 (kimjm1212)> ㅠㅠ그래도 나름 좋은형이였는데..
[20:54:03] <%니세깝 (nisecap12)> ㅋㅋㅋㅋㅋ
[20:54:07] <sjdyd08> 대지 머함? 왜 문닫음?
[20:54:10] <참치풍뎅이 (didehdgkr)> 오늘 휴방?
[20:54:11] <%니세깝 (nisecap12)> 아련....
[20:54:18] <bonappetit12> 풍님 12월 5일 6일 이사관계로 방송 휴방하신대요
[20:54:20] <%와베스피자 (kimjm1212)> 좋은곳으로...가셨답니다..
[20:54:23] <sjdyd08> ㅠㅠㅠ
[20:54:24] <참치풍뎅이 (didehdgkr)> ㄳ
[20:54:28] <%니세깝 (nisecap12)> 동두천 님이 김영태 님을 그리워합니다
[20:54:40] <%$ㅆㅏㅇ방울ㅇ (mhs6819)> 프로필배너 쪽 보시면 공지보실수있으세여
[20:54:40] <%$잠딩 (nidtte)> 짜장면 시켜먹었으려나...
[20:54:43] <%와베스피자 (kimjm1212)> Rest in Pig......
[20:54:46] <무튼 (ehdrb2410)> 이사..
[20:54:54] <sjdyd08> 대지 400평 궁궐로 이사간다더니 오늘이여꾼
[20:54:56] <포도딸기자두 (cassyjin)> 오늘 휴방인가요?
[20:54:59] <내방자 (yggdra2005)> 아방궁 ㄷㄷ
[20:55:02] <%$ㅆㅏㅇ방울ㅇ (mhs6819)> 넹
[20:55:03] <무튼 (ehdrb2410)> 이사갑니당
[20:55:05] <bonappetit12> 네 휴방입니다
[20:55:06] <%니세깝 (nisecap12)> 오늘부터 휴방입니다....
[20:55:07] <이웃집돌아이 (hyesu3401)> ㅠㅠ 알고 있었지만 아쉽다 ㅜㅜ
[20:55:09] <필하리 (beulin)> 내일까지 휴방이네 ㅠ
[20:55:11] <%니세깝 (nisecap12)> 내일까지....
[20:55:11] <산하 (sanha_)> ?!
[20:55:12] <%$ㅆㅏㅇ방울ㅇ (mhs6819)> ㅠㅠ
[20:55:15] <betrue0405> 나와라 대지
[20:55:18] <풍형잠깐내말좀들어봐 (ookokooh37)> 눈물 없이 볼 수 없는 쯔꾸르 명작 [투더문] 1화 https://youtu.be/J3YKpbZaLsM
[20:55:18] <%와베스피자 (kimjm1212)> ㅠㅠ
[20:55:20] <%모신로닝 (korchris)> 56일 휴방 해명해라 대지
[20:55:26] <%$잠딩 (nidtte)> 헐 투더문
[20:55:27] <betrue0405> 대지 대지
[20:55:31] <%니세깝 (nisecap12)> 오십육일 ㅋㅋㅋ
[20:55:35] <%스쿨럼블 (parkyhoon2)> 자 오늘할 게임은~
[20:55:38] <%바이냐드 (sksmsskdio24)> 56일 휴방 ㅠㅠ
[20:55:42] <무튼 (ehdrb2410)> 유트브로 갑시다
[20:55:46] <%와베스피자 (kimjm1212)> 드디어....56일 휴방의 끝이보이네요.. 오늘 내일만 지나면 풍형볼수있다.....
[20:55:47] <%깜무 (kkammoo)> 풍형 아방궁으로 이사간다는 게 사실인가요
[20:55:57] <%니세깝 (nisecap12)> 뚱뚱한 풍형....
[20:55:58] <풍형잠깐내말좀들어봐 (ookokooh37)> 투더문 총 10화 약 5시간 정도 됩니다~ 잔잔한 저녁 정주행합시다
[20:55:58] <sjdyd08> 아방궁이 아니라
[20:56:04] <sjdyd08> 청와대라고 들엇는데
[20:56:09] <%$ㅆㅏㅇ방울ㅇ (mhs6819)> 이미 다바찌요
[20:56:19] <무튼 (ehdrb2410)> 언더테일 한번 더봅시다
[20:56:21] <%$ㅆㅏㅇ방울ㅇ (mhs6819)> 두번바써여
[20:56:24] <%$잠딩 (nidtte)> 투더문 스토리 기억안나서 다시 봐야지 트루리셋
[20:56:25] <무튼 (ehdrb2410)> 히익
[20:56:26] <%$ㅆㅏㅇ방울ㅇ (mhs6819)> ㅎㅎ
[20:56:33] <sjdyd08> 닼소3 추천 ㄱ
[20:56:35] <이웃집돌아이 (hyesu3401)> 투더문 보러 가야겠네요 ㅋㅋ
[20:57:16] <sjdyd08> 대지야 로아 그만하고 신작게임좀 해줘
[20:57:28] <미니건 (minigun900)> 오뱅없?? ㅠㅜ?
[20:57:31] <bonappetit12> 풍님 12월 5일 6일 이사관계로 방송 휴방하신대요
[20:57:32] <sjdyd08> 중형신작게임 플탐 쪼금 긴거 안해주자너
[20:58:12] <TheSoLy> 혹시나 해서 들어왔지만 역시구나.. 바쁘겠다 대지..
[20:58:31] <sjdyd08> 400평이라 신경쓸게많음
[20:58:55] <이웃집돌아이 (hyesu3401)> 방송방이 400평이라니 풍형 소박하시네염
[20:59:09] <%$ㅆㅏㅇ방울ㅇ (mhs6819)> 들어보니 양 옆집 다 매매하셔서 한층이라던데ㄷㄷ
[20:59:13] <sjdyd08> 듣기로는 실내수영장있다고
[20:59:15] <%$ㅆㅏㅇ방울ㅇ (mhs6819)> 400평이였구나
[20:59:36] <+현달님 (523198)> 4000평 아님? ㄷㄷ
[20:59:47] <풍월량바부 (aksdnj0)> 보고싶다.
[20:59:56] <%$ㅆㅏㅇ방울ㅇ (mhs6819)> 헐ㅋㅋ
[20:59:59] <TheSoLy> 이상하다 풍타워 완공은 어디서 들은거지
[20:59:59] <mink1115> 안옴?
[21:00:02] <bonappetit12> 풍님 12월 5일 6일 이사관계로 방송 휴방하신대요
[21:00:02] <$유저정보 (sskkyy95)> VR.... 곰보... 개꿀...
[21:00:03] <천리구경꾼 (onlooker1000)> 듣기로는 주차공간이 호 수당 10대라던데요
[21:00:15] <%$풍성한풍뎅이 (qkrwjdgh1103)> 헐...
[21:00:15] <에사 (dhwlgp5207)> ㅠㅠ
[21:00:16] <%$ㅆㅏㅇ방울ㅇ (mhs6819)> 금요일에 오세여
[21:00:19] <+현달님 (523198)> 그치만...
[21:00:26] <sjdyd08> 킹치만
[21:00:43] <잔돈같은인생 (pinmoneyi)> 오늘 휴방임?
[21:00:44] <%$ㅆㅏㅇ방울ㅇ (mhs6819)> 역시 돼기업
[21:00:48] <%$ㅆㅏㅇ방울ㅇ (mhs6819)> 네ㅠㅠ
[21:00:48] <$유저정보 (sskkyy95)> 56휴방
[21:00:51] <+현달님 (523198)> 오뱅없
[21:00:59] <%풍의길 (108kim3)> ?!
[21:01:05] <bonappetit12> 풍님 12월 5일 6일 이사관계로 방송 휴방하신대요
[21:01:12] <잔돈같은인생 (pinmoneyi)> 아 이사..
[21:01:15] <%$ㅆㅏㅇ방울ㅇ (mhs6819)> 프로필배너있는곳에 공지 올라와이써여
[21:01:23] <잔돈같은인생 (pinmoneyi)> 다들 수고욥
[21:01:34] <+현달님 (523198)> 방송은 안해도 채팅방엔 들어와 계시넹
[21:01:37] <20171122전역 (anne8756)> 엽엽
[21:01:43] <bonappetit12> 지켜보고이땅
[21:01:48] <+현달님 (523198)> 지켜보고 있다.라.는.건.가
[21:02:00] <sjdyd08> 대지대지대지대지대지
[21:02:16] <%$ㅆㅏㅇ방울ㅇ (mhs6819)> 그냥 로그인만 해놓으신거겠죠ㅋㅋ
[21:02:19] <9수정 (sujeong2)> 카페에 소식 좀 올려주세엽
[21:02:20] <천리구경꾼 (onlooker1000)> 대지 뇨셕
[21:02:24] <%$ㅆㅏㅇ방울ㅇ (mhs6819)> 맨날 계시던뎅
[21:02:28] <bonappetit12> ㅋㅋㅋㅋㅋㅋ
[21:02:37] <+현달님 (523198)> 소식 올리면 안됩니다, 대식을 올려야죠
[21:02:43] <%$ㅆㅏㅇ방울ㅇ (mhs6819)> 으음
[21:02:47] <천리구경꾼 (onlooker1000)> 마지막달이라고 월차 년차 다쓰는 ...
[21:02:48] <풍형잠깐내말좀들어봐 (ookokooh37)> 합치면 200살 넘는 아재들의 세월이 담긴 입담대결 [동양하스 섯다 1화] https://youtu.be/FNYsJjzAFxw
[21:02:52] <sjdyd08> 실내수영장이랑 주차장좀 보여주면 조켓다
[21:02:53] <천리구경꾼 (onlooker1000)> 대기업포스
[21:02:56] <+현달님 (523198)> 풍형은 대식가이심
[21:03:18] <%스키야키 (iampeace31)> 대지보구십다
[21:03:29] <MusoU92> 형 어딨어....
[21:03:36] <ru0413> 오늘 휴방임?
[21:03:38] <%빨간망토영태 (giveito34)> 돼지
[21:03:38] <bonappetit12> 풍님 12월 5일 6일 이사관계로 방송 휴방하신대요
[21:03:46] <jigmin21> 이사하니까 휴방 인정해줄게 형
[21:03:51] <ru0413> 휴방이네
[21:04:11] <$존예들은트위치안함 (90jiwon)> 엽엽 ㅜㅜ
[21:04:14] <+현달님 (523198)> 7일날 또 인터넷 불안정해서 휴방하는거 아니겠죠 ㅎㄷㄷ
[21:04:16] <9수정 (sujeong2)> 솔직히 이사하는 것도 방송해야하는거 아닌가..!
[21:04:23] <%바이냐드 (sksmsskdio24)> 이사 야방 해야된다
[21:04:27] <bonappetit12> ㅋㅋㅋㅋㅋㅋ
[21:04:29] <9수정 (sujeong2)> 으!!
[21:04:29] <sjdyd08> ㅇㅈ 기자들 왜안데려갓냐 대지
[21:04:36] <밥초 (renomazero)> 이형 드디어 서울권 이사오는거야 ?
[21:04:37] <+현달님 (523198)> 맞아 이사하는 것도 방송해서 이사비 걷어야지 형
[21:04:46] <고야응디 (ekgns1126)> 풍타워 ㄷㄷ 풍펠리스 ㄷㄷ
[21:04:49] <%$ㅆㅏㅇ방울ㅇ (mhs6819)> 인천으로 오세여!
[21:04:58] <%태연모니터 (aradood)> 포린이~~~~~~ 15일 하시네
[21:05:00] <+현달님 (523198)> 풍덱스
[21:05:07] <요술토파즈 (tjdwls604)> 아 이사때문에 휴방이구나
[21:05:11] <밥초 (renomazero)> 야방갈때 교통편때문에 힘들어보였는데 이사가시넹
[21:05:42] <%$ㅆㅏㅇ방울ㅇ (mhs6819)> 맨 아래쪽에 이써서
[21:05:54] <sjdyd08> 디스트로이어 절대 너프당해라 대지뇨속
[21:06:04] <+chicken_mayonnaise> 그때 인천이라고 들은거같기도하고
[21:06:04] <prounbac> 휴방이네요 ㅠㅠ
[21:06:06] <Karaogiri77> 풍형 이사가는고야?
[21:06:07] <%태연모니터 (aradood)> 올해 정말 이벤트 많이하신당 풍님
[21:06:19] <sjdyd08> 대지 인싸됫음...
[21:06:24] <%$ㅆㅏㅇ방울ㅇ (mhs6819)> 인천 송도로 가세여
[21:06:30] <하잔드라 (geronimo0202)> 다 우리덕분임
[21:06:30] <리베르닷 (mmist0226)> 퓨방이에요..?
[21:06:35] <%$ㅆㅏㅇ방울ㅇ (mhs6819)> 네ㅠㅠ
[21:06:37] <하잔드라 (geronimo0202)> 오뱅없
[21:06:45] <+chicken_mayonnaise> 1층1층 쌓아올린 도네이션인가요 ㅎㅎ
[21:06:51] <고야응디 (ekgns1126)> 풍튜브 모보징...
[21:06:51] <byeol2115> 아으안돼에에에ㅔㅇ ㅠㅠㅠㅠ
[21:06:52] <%$ㅆㅏㅇ방울ㅇ (mhs6819)> 공지사항은 프로필쪽에서 보실수있으세여
[21:06:56] <고야응디 (ekgns1126)> 히트맨 재밌었나요
[21:07:30] <byeol2115> 풍튜브 스펠렁키같은거 뭐없나요..?
[21:07:43] <아제로제로 (imazero0822)> 돼지뇨속
[21:07:50] <아제로제로 (imazero0822)> 아 이사구나
[21:07:50] <%+rkdgh1774> 마약 같은...
[21:07:58] <apple76047994> 오늘 휴방이었구나
[21:08:17] <%$ㅆㅏㅇ방울ㅇ (mhs6819)> 암살하시는거 진짜 웃겼는뎅ㅋㅋ
[21:08:34] <저지방 (lowfat12)> 아니 휴방이라니
[21:08:35] <%태연모니터 (aradood)> 한글패치되면 좋은데 소식이 없엉
[21:08:36] <%$ㅆㅏㅇ방울ㅇ (mhs6819)> 한번 보세여 보다보면 어느새 한편 다 보고계실꺼에여
[21:08:48] <캡슐파이터아시는구나 (patapo)> 풍형 보고싶다
[21:09:01] <밍그르 (91mmmj)> 이사라니...
[21:09:02] <%$ㅆㅏㅇ방울ㅇ (mhs6819)> 한글이 아쉽따ㅠㅠ
[21:09:15] <sjdyd08> 그 맞을때마다 장비날아가는거 뒤에 새따라다니고
[21:09:23] <sjdyd08> 고거 재밋음
[21:09:27] <leetorrl> 그래서 오늘 돼지뇨속 안온다는거임?
[21:09:36] <sjdyd08> ㅇㅇ 대지 휴방
[21:09:38] <%$ㅆㅏㅇ방울ㅇ (mhs6819)> 아 그거
[21:09:42] <%$ㅆㅏㅇ방울ㅇ (mhs6819)> 머더라
[21:09:56] <sjdyd08> 두글자였던거가튼데
[21:10:07] <%$ㅆㅏㅇ방울ㅇ (mhs6819)> 아 머지
[21:10:12] <%$ㅆㅏㅇ방울ㅇ (mhs6819)> 그거 으음
[21:10:26] <sjdyd08> 난이도 5성까지있고 여튼 그거 명작 ㅇㅇ
[21:10:28] <%$ㅆㅏㅇ방울ㅇ (mhs6819)> 5단계까지 있는거 말하시는거죠
[21:10:29] <leetorrl> 어제했던곰보겜 어뜩게 됬나요
[21:10:30] <%$ㅆㅏㅇ방울ㅇ (mhs6819)> 마타
[21:10:36] <leetorrl> 보다가 자버려서
[21:10:37] <rla441> 앙빅
[21:10:42] <%$ㅆㅏㅇ방울ㅇ (mhs6819)> 마쟈여!
[21:10:43] <sjdyd08> 아 맞다 앙빅
[21:10:46] <rla441> 후후
[21:10:46] <%$ㅆㅏㅇ방울ㅇ (mhs6819)> 앙빅ㅋㅋ
[21:10:54] <rla441> 오늘 3년전에 깨지못한
[21:10:56] <rla441> ㅋㅋㅋㅋㅋㅋㅋㅋㅋㅋㅋㅋ
[21:10:59] <%$ㅆㅏㅇ방울ㅇ (mhs6819)> ㅋㅋㅋㅋ
[21:11:06] <%$ㅆㅏㅇ방울ㅇ (mhs6819)> 어제 공포겜
[21:11:22] <leetorrl> ㅇㅇ
[21:11:27] <맘붐 (valtfelt)> 오늘 휴방이에요??
[21:11:30] <bonappetit12> 휴방입니다 공지 확인 해주세영
[21:11:36] <prounbac> 대지뇨속 이사 잘해랏!
[21:11:56] <sjdyd08> 대지뇨속 디스트로이어 너프당해라
[21:12:31] <sjdyd08> 로아 그만하고 좀비500 가즈아ㅏㅏ
[21:13:16] <%$ㅆㅏㅇ방울ㅇ (mhs6819)> 모두들 좋은밤되세여 poongBbuing
[21:13:35] <bonappetit12> 굳밤!
[21:15:25] <루카와아 (realsm22)> 디트 너프해라
[21:15:49] <jklives> 엽엽
[21:18:37] <%모모스테이키 (sung1119)> 휴방이라뇨..
[21:18:52] <%모모스테이키 (sung1119)> poongMak poongMak
[21:19:30] <skydigi> 오늘 내일 휴방하신다고 하셧나 ㅠㅠ?
[21:19:34] <bonappetit12> 풍님 12월 5일 6일 이사관계로 방송 휴방하신대요
[21:19:44] <가사다라 (zkzero)> 휴방이에요?
[21:19:44] <tytyas0101> ㅠㅠㅠ
[21:19:48] <bonappetit12> 넹 휴방입니다
[21:19:51] <bonappetit12> 7일날 오신대여
[21:19:59] <가사다라 (zkzero)> 이사땜인가보네영
[21:20:01] <가사다라 (zkzero)> ㅠㅠ
[21:20:02] <bonappetit12> 넹
[21:22:59] <무등산봉오리 (4zkdrkfn5)> 오늘방송없나여
[21:23:04] <bonappetit12> 넹 휴방입니다
[21:23:10] <bonappetit12> 이사관계로 5일 6일 휴방입니다
[21:23:17] <무등산봉오리 (4zkdrkfn5)> ㅠ
[21:26:34] <%극딜도적 (kqt20)> 오늘휴방??
[21:26:50] <bonappetit12> 넹
[21:26:51] <bonappetit12> 휴방입니다
[21:26:55] <bonappetit12> 공지확인해주세영
[21:26:55] <caelumean215> 네 ㅠㅠ
[21:26:59] <%극딜도적 (kqt20)> 내일까지네요 흑흑
[21:27:26] <ok7009> 이사 어디로 가세여?
[21:27:48] <bonappetit12> 송도라고 알고있어요
[21:28:16] <ok7009> 멀리가신다 오.
[21:28:31] <녹색달 (xkzlwl)> 오늘 휴방?
[21:28:37] <kapakn> 그런가봐요
[21:28:39] <bonappetit12> 풍님 12월 5일 6일 이사관계로 방송 휴방하신대요
[21:28:45] <녹색달 (xkzlwl)> 대지뇨속
[21:32:23] <세나혼간지 (dreadstar92)> 나..나닛!!!!!!!
[21:32:31] <bonappetit12> 예아
[21:33:10] <귀염뽀짝풍월량 (yeeun0325)> 엽엽
[21:33:15] <사탕맛사과 (cansksk)> 엽엽
[21:33:23] <홍시천국 (eve1121kr)> 오늘 풍데이임?
[21:33:27] <bonappetit12> 풍님 12월 5일 6일 이사관계로 방송 휴방하신대요
[21:33:30] <qkrrnsRj> 24
[21:33:33] <qkrrnsRj> 52
[21:33:36] <홍시천국 (eve1121kr)> ㅠㅠ
[21:33:38] <홍시천국 (eve1121kr)> 5252
[21:33:39] <사탕맛사과 (cansksk)> 525224
[21:33:53] <귀염뽀짝풍월량 (yeeun0325)> 풍단현상 너무 심하고요
[21:33:53] <%마야마루 (mayamaru001)> poongTt poongTt
[21:34:03] <사탕맛사과 (cansksk)> 심심하당
[21:34:05] <웅풍 (gusdnd823)> ㅠㅠㅠ
[21:34:35] <도야지뇨속 (swdidw9)> 오늘휴방인가
[21:34:43] <bonappetit12> 풍님 12월 5일 6일 이사관계로 방송 휴방하신대요
[21:34:46] <뽀또로 (skykim7789)> 냉리도 휴방이래 ㄷㄷ
[21:34:47] <도야지뇨속 (swdidw9)> ㅠ
[21:34:47] <뽀또로 (skykim7789)> 내일
[21:34:57] <뽀또로 (skykim7789)> 금요일은하시겠지
[21:35:17] <$ssj900012> 오늘 방송 안하나요?
[21:35:27] <bonappetit12> 풍님 12월 5일 6일 이사관계로 방송 휴방하신대요
[21:35:40] <$ssj900012> 감사합니다
[21:36:55] <qkrrnsRj> 이사가면 젖댄하는거 맞져?
[21:38:24] <메_시 (goggog1)> 이사 파이팅
[21:38:48] <호닌 (soandu)> 형방송보고싶다ㅜ
[21:39:14] <twjong> 이사하시는구나
[21:42:34] <Panmak> 오늘 휴방이신가요?
[21:42:39] <bonappetit12> 넹
[21:42:40] <bonappetit12> 휴방입니다
[21:42:43] <bonappetit12> 공지 확인 해주세여
[21:42:45] <Panmak> 감사합니당
[21:42:49] <qkrrnsRj> 12월 5일 6일 이사관계로 휴방합니다.
[21:43:22] <wnsgur5181> 휴방이라니..... 송도이사가느라
[21:44:10] <크리도 (alfm2336)> 오늘 방송 안하나여?
[21:44:15] <$희맨 (chj8980)> 오방없?
[21:44:17] <bonappetit12> 풍님 12월 5일 6일 이사관계로 방송 휴방하신대요
[21:44:26] <$희맨 (chj8980)> 오우 노!
[21:44:30] <크리도 (alfm2336)> ㅠㅠ
[21:44:33] <mimi6532> 오늘방송안해요?
[21:44:35] <$군필북극곰쟝 (jjr1843)> 7일날에 봐야한다니;;
[21:44:38] <bonappetit12> 넹 휴방입니다
[21:44:40] <$군필북극곰쟝 (jjr1843)> 12월 5일 6일 이사관계로 휴방
[21:44:44] <mimi6532> 아ㅜ
[21:44:47] <크리도 (alfm2336)> 방송할때까지 숨참겠습니다 흡
[21:44:53] <mjgpuk> 오늘 방송 없어여???
[21:44:56] <$희맨 (chj8980)> 풍형없어도 풍뎅이들은 있네 ㅋㅋㅋ
[21:44:57] <bonappetit12> 넹 휴방이에영
[21:44:58] <bonappetit12> 풍님 12월 5일 6일 이사관계로 방송 휴방하신대요
[21:45:04] <mjgpuk> 아ㅠㅠㅠㅠㅠ
[21:45:08] <mjgpuk> 감사함다
[21:45:52] <갑질은역사다 (ghtkdtkfdid)> 풍형 ㅠㅠㅠ
[21:48:03] <미드아니면피딩 (irikerice)> 엽엽
[21:48:21] <미드아니면피딩 (irikerice)> 오늘 휴방임?
[21:48:30] <bonappetit12> 풍님 12월 5일 6일 이사관계로 방송 휴방하신대요
[21:48:37] <미드아니면피딩 (irikerice)> BibleThump
[21:50:00] <jaehoon0331> 우리끼리 방송하자
[21:54:05] <하이웨이드 (bbaam)> 오늘 휴방인가요?
[21:54:10] <bonappetit12> 네
[21:54:12] <bonappetit12> 휴방입니다
[21:54:14] <bonappetit12> 공지 확인 해주세요
[21:54:19] <하이웨이드 (bbaam)> 아하 감사합니다
[21:54:27] <하이웨이드 (bbaam)> 좋은 밤 보내세요
[21:55:30] <bonappetit12> 굳밤!
[21:56:36] <peter7375> 풍하
[21:56:49] <peter7375> 엽엽
[22:00:43] <jyuk962> ㅠ
[22:04:46] <%밍알 (ming_____)> ㅜㅜ
[22:05:28] <아자 (lovejinho21c)> n
[22:08:26] <%태양탄 (pyj598)> 으아아아악 이사라니
[22:11:54] <$유저정보 (sskkyy95)> 후우.... 이렇게 된 이상 40평짜리 화장실은 꼭 보여줘...
[22:13:59] <풍형잠깐내말좀들어봐 (ookokooh37)> 지각이다 대지뇨속
[22:14:10] <낭만오크 (jiyoon76)> 이사날이라서
[22:14:16] <낭만오크 (jiyoon76)> 방송안하세요 ㅠㅠ
[22:15:04] <qkrrnsRj> 5224
[22:17:12] <입만열면깨짓말 (kym608)> 형 보고싶어
[22:18:24] <%안녕그지 (llotio)> poongCh poongCh poongCh poongCh poongCh
[22:18:37] <멍달 (zloty7)> 오방없??
[22:18:59] <%구구구ㅜㄱ (amareis0713)> 뱅없
[22:19:10] <reincoat212> 힝...
[22:19:24] <qkrrnsRj> 2424
[22:19:41] <$jungwo94> 오늘
[22:19:42] <$jungwo94> 방송 쉬시나요
[22:19:50] <배달부임 (goodyws)> ㅇㅇ
[22:19:51] <%구구구ㅜㄱ (amareis0713)> 넹...
[22:20:12] <qordua2> 2424
[22:21:08] <지방세법 (sdk7894)> 5일 6일 이사로 휴방
[22:22:57] <minggongs> 오늘 풍요일이예요??.
[22:23:53] <$배고파아앙 (ab84555)> 오늘휴방??
[22:24:01] <$배고파아앙 (ab84555)> ㅠㅠ
[22:24:02] <lastkdh> 이사로 휴방하신다네요
[22:24:04] <lastkdh> 내일까지
[22:24:10] <애니악 (cwh9737)> 아하!
[22:24:17] <$배고파아앙 (ab84555)> 고마워요
[22:24:26] <애니악 (cwh9737)> 감사합니다~
[22:24:44] <lastkdh> 저도 안하시나 싶어서 왔다가 글 읽었어요 ㅎㅎ
[22:24:52] <lastkdh> 굳밤
[22:25:01] <애니악 (cwh9737)> 굿밤입니다~
[22:40:41] <갑분싸_가끔은아님 (gabonsa)> 헐 이사하시는구나
[22:41:37] <똘띠빡쓰 (ksn7706)> 오늘 휴방인가요?
[22:41:47] <+_피스메이커 (kgk4060)> 아 오늘 이사하시구나
[22:41:51] <똘띠빡쓰 (ksn7706)> 아아
[22:42:01] <+_피스메이커 (kgk4060)> ㅜㅜㅜ 풍형 보고싶어요
[22:42:43] <duckk2345> 방송하는줄알거 들어왓는데...
[22:42:51] <duckk2345> 아맞다 휴방..
[22:42:58] <duckk2345> ㅠㅠㅠㅠㅠㅠㅠ광고보고갑니다...
[22:46:25] <sarahsoo94> 방송없나요?
[22:46:42] <Lalamut> 5,6일 이사라고 하시네요
[22:47:00] <sarahsoo94> 감사함당 BloodTrail
[22:49:15] <새씨 (sssssae5)> 픙 보고싶당
[22:49:37] <새씨 (sssssae5)> 풍대지 보고싶다ㅏㅏㅏ 이사잘해염
[22:56:21] <붕어빵아춥냥 (fhemspdlf3)> 풍월량바보
[22:56:28] <붕어빵아춥냥 (fhemspdlf3)> 희희히히히
[23:03:16] <풍형잠깐내말좀들어봐 (ookokooh37)> 지각이다 대지뇨속
[23:05:05] <+qnflqnfl21> 풍형사랑해
[23:05:11] <+qnflqnfl21> 풍형 내가 언젠간 구독할게
[23:06:03] <%+탁구왕김제봉 (tonyseo)> ㅋㅋㅋㅋㅋㅋㅋㅋㅋㅋㅋㅋㅋㅋㅋㅋㅋㅋㅋㅋㅋㅋㅋㅋㅋㅋㅋㅋㅋㅋㅋㅋㅋㅋ
[23:06:05] <%+탁구왕김제봉 (tonyseo)> 언젠간ㅋㅋㅋㅋ
[23:07:31] <tambang0713> 오늘 휴방인가여??
[23:07:52] <tambang0713> BibleThump BibleThump
[23:12:34] <완전멋진닉네임 (wnstlrzla)> BibleThump
[23:19:12] <8오8 (tempus90)> 흑흑.. 대지뇨속..
[23:34:30] <Shawnjk> 형을 보낸지 어느덧 3년... 잘지내고 있을까 궁금해... 형 건강해야돼
[23:36:48] <judy5105> 오늘휴방임?
[23:37:02] <쥬사라 (ttmo)> 12월 5일 6일 이사관계로 휴방합니다<<
[23:37:09] <boo_chu> 공지에 써있네요 ㅎㅎ
[23:37:20] <%+TorontoPoong> 이사 잘하세용
[23:38:35] <풍형잠깐내말좀들어봐 (ookokooh37)> 대지뇨속 4시간 지각
[23:41:51] <%신지천이많아 (song003h)> ? 돼지뇨속
[23:45:51] <꾸아아앙 (pennl92)> 이방은 이제 제것입니다
[23:45:59] <xenoph0b1a> ㄴㄴ
[23:46:09] <꾸아아앙 (pennl92)> 으아니
[23:47:08] <%limits2018> 마녀의집 튭에 올라온거 꿀잼이네여
