# Log started: 2018-12-06 00:11:49 +0900
[00:11:49] <sangwon920> 이뇨속
[00:11:55] <따감 (habugmo_o2er)> 오방없?
[00:12:02] <sangwon920> 이사간뇨속
[00:12:14] <따감 (habugmo_o2er)> 랜선집들이좀
[00:20:37] <%포니 (pony_lol)> 흑흑 그립습니다
[00:20:48] <AwesomeKim0> 뭐양 오늘 내일 이사네
[00:20:54] <형주님 (p0v0q)> 저도 그립읍니다
[00:21:08] <AwesomeKim0> 이사 엄청 큰데로 가신다져?
[00:21:11] <AwesomeKim0> 부럽다아~
[00:21:24] <형주님 (p0v0q)> 판교쪽이었는지 잘 모르겟네여
[00:21:36] <형주님 (p0v0q)> 인터넷은 10기가루다가 ~
[00:22:03] <강아지허스키 (young3714)> 오직 위젤좀만
[00:57:07] <mitochondria1> 풍형 보고싶다...
[00:57:47] <mapsol2> 오늘왜 휴방이에요ㅕ?
[00:58:31] <mitochondria1> 이사하시는 날
[00:59:30] <mapsol2> 아아.. 글쿤요 ㅋㅋ ㅠ 잠이나자야징 ,, 답변감사합니다
[01:05:40] <%+탁구왕김제봉 (tonyseo)> ㄴㄴ 풍님 이사 송도임
[01:05:49] <%+탁구왕김제봉 (tonyseo)> 단군님이랑 이제 이웃사촌됨
[01:06:00] <%+탁구왕김제봉 (tonyseo)> 송도면 최소 타워팰리슨데 풍타워된거임 이제
[01:06:12] <%+탁구왕김제봉 (tonyseo)> 송일국이랑도 이웃사촌이네? 키야.....
[01:38:30] <밥이없다 (dkdan1234)> 돼지뇨속
[01:46:58] <%건빵하나 (mdy202)> 오늘 내일 휴방일탠데
[02:26:33] <tnwl3634> BibleThump
[02:30:37] <park3876> 풍형 오늘 방송 안하시나요???
[02:30:54] <ColaGhost> 오늘내일 이사준비하신다고 쉬신대여!
[03:31:06] <%+봉구삼촌 (ggo147)> poongJing poongJing poongJing poongJing
[13:55:35] <%+탁구왕김제봉 (tonyseo)> 이사준비가 아니라 이사하는거 아니였어요? ㅎㄷ
[14:16:16] <엘레어 (eriflair)> 대지
[14:34:53] <TheSoLy> 대지!
[14:43:21] <%+탁구왕김제봉 (tonyseo)> 大地
[17:30:49] <에이전시 (pokl56)> 풍...보고시퍼..
[18:32:24] <TheSoLy> 劣 等 感
[19:10:38] <바르톨로메오 (santibartolomeo)> 엽엽 하고 싶다
[19:15:47] <njw1810> 대지
[19:17:57] <%나풍뎅 (rjyneho_o)> BibleThump
[19:18:45] <njw1810> TearGlove
[19:25:46] <%김개룬 (unbalance47)> 대지뇨속
[19:25:49] <%김개룬 (unbalance47)> 오뱅있??
[19:26:13] <풍형잠깐내말좀들어봐 (ookokooh37)> 지각이다 대지뇨속
[19:26:40] <숨겨진개복치 (liw2444)> 휴방이라니 ㅜㅜ
[19:26:55] <%김개룬 (unbalance47)> 오늘까지 휴뱅인가여?
[19:27:00] <천년의약속 (gumsita)> 뿡월량
[19:27:20] <숨겨진개복치 (liw2444)> 이사관계로 오늘까지 휴방하시구 내일 오신대여
[19:27:29] <%김개룬 (unbalance47)> 아항
[19:27:35] <%김개룬 (unbalance47)> 대지뇨속
[19:27:41] <숨겨진개복치 (liw2444)> 대지대지
[19:29:19] <TheSoLy> 이사하다 저댄처럼 지쳤냐 대지
[19:39:28] <강냉이콜렉터 (manasai)> 풍형 보고싶다 ㅠㅠ
[19:54:58] <greattruth12> 풍풍 그는 이사중인가?
[19:55:08] <greattruth12> 돌아오라 풍풍
[19:57:57] <풍형잠깐내말좀들어봐 (ookokooh37)> 지각이다 대지뇨속
[19:59:39] <풍형의현실갱 (bnmbnm76)> 풍형사랑해
[19:59:52] <풍형의현실갱 (bnmbnm76)> 오.직.풍.월.량.만
[20:00:16] <삼성물산 (dangu110)> 엽
[20:01:55] <풍댕이25호 (ddo62)> 대지 보구싶다 ㅠㅠ 오늘만 참으면..
[20:04:02] <sunny11018> 풍형을 못본지도 56일째...
[20:04:40] <신의축복김영태 (psm9936)> 오뱅없!!!???
[20:04:43] <풍악새 (roasesh)> 쾅쾅쾅
[20:09:25] <qkrrnsRj> 52
[20:09:33] <%구구구ㅜㄱ (amareis0713)> poongNawa poongNawa poongNawa
[20:09:33] <mul313> 오방있?
[20:09:40] <%구구구ㅜㄱ (amareis0713)> poongTt poongTt
[20:09:50] <%구구구ㅜㄱ (amareis0713)> d없
[20:12:24] <csh7388> ㅂㅂㅂㅂ
[20:12:27] <csh7388> 가나다라마바사
[20:14:13] <%댄스플라워 (show2566)> 대 지 조 아
[20:18:05] <뎁몹 (hypeone91)> 오방잇?
[20:18:30] <뎁몹 (hypeone91)> 없구나 ㅅㄱ링
[20:21:36] <빠앙꾸똥꾸 (dltmdrb9957)> 엉엉
[20:21:41] <빠앙꾸똥꾸 (dltmdrb9957)> 오늘도쉬는날
[20:21:53] <+_피스메이커 (kgk4060)> 아 오늘도 쉬시네 ㅠㅠㅠㅠㅠㅠㅠㅠㅠㅠㅠㅠㅠㅠㅠㅠㅠㅠㅠ
[20:22:23] <+_피스메이커 (kgk4060)> 마싯는거 마니 드시고 푹 쉬세영 ㅠㅠㅠ
[20:23:15] <매운맛중독자임 (backya15)> 오늘도휴뱅이엇어ㅜㅜㅜ?
[20:24:07] <람다델타 (go8914)> 이사때매 휴방인거임?
[20:24:19] <풍형잠깐내말좀들어봐 (ookokooh37)> 대지뇨속 지각이다
[20:24:33] <hemily1003> 오방있?
[20:24:40] <풍형잠깐내말좀들어봐 (ookokooh37)> 오돼없
[20:24:42] <누렁 (rodghwktmr)> 휴뱅
[20:24:45] <쑤쑤누눈 (eryou4)> :(
[20:24:46] <hemily1003> ㅠㅠ
[20:24:51] <nihilism11> 퓨방..
[20:24:58] <nihilism11> 퓨방이라니.. 퓨퓨
[20:25:03] <시연 (kimys803)> 풍튜브행..
[20:25:47] <놀래미좋아 (jin789yw)> 아앗 오늘도 휴방이었네
[20:25:58] <%용궈이 (zero7047)> 하앙
[20:26:08] <놀래미좋아 (jin789yw)> 대지 내일 몸살날라
[20:26:17] <%용궈이 (zero7047)> 방송없으니 심심하네영
[20:26:30] <%용궈이 (zero7047)> poongEnd2
[20:27:21] <%와베스피자 (kimjm1212)> 휴방 인간적으로 넘모길다
[20:28:20] <%$으안돼 (wkj0103)> 힝 대지야 언넝와 poongPig poongPig poongPig
[20:28:35] <풍형잠깐내말좀들어봐 (ookokooh37)> 풍뎅이들과 풍선장의 보물찾기 해적게임 [씨 오브 쎄베스] https://youtu.be/fcApA93wccY
[20:28:49] <춰컬릿라떼 (navyfild)> 오늘 방송 있나요?
[20:29:05] <%와베스피자 (kimjm1212)> 오늘까지 휴뱅이네엽..
[20:29:09] <%캔필드 (qowl5252)> poongTt
[20:30:34] <TheSoLy> 56일이나 기다리라니
[20:30:39] <$풍데엥이 (glory1657)> ㅠ.ㅠ
[20:30:47] <%와베스피자 (kimjm1212)> 그래두 오늘이 56일의 마지막날이네여..
[20:30:51] <%와베스피자 (kimjm1212)> 고생했어요 다들..ㅠㅠ
[20:30:57] <또다시한잔 (ziboham)> 돼지 왜 안오냐
[20:31:02] <TheSoLy> 여행 다녀와도 더 공허하구먼
[20:31:23] <또다시한잔 (ziboham)> 집에 누워서 멍떄리고 있는게 더 최고인데
[20:32:00] <nana557> 님들 돼월량님 왜 안옴?
[20:32:07] <또다시한잔 (ziboham)> 이사가셨음
[20:32:13] <nana557> 왜 동두천을 버린거임?
[20:32:18] <또다시한잔 (ziboham)> 글쎄요
[20:32:26] <%와베스피자 (kimjm1212)> 주니어 교육땜에영
[20:32:28] <또다시한잔 (ziboham)> 뇌피셜인데 주니어
[20:32:30] <또다시한잔 (ziboham)> 때문인듯
[20:32:38] <maxmin35> 크아아아악 풍형은 이사방송을 하라아아아
[20:32:40] <%와베스피자 (kimjm1212)> 풍피셜이에영
[20:32:44] <$skygiu111> ㅇㅅㅇ?
[20:32:51] <또다시한잔 (ziboham)> 저는 이유는
[20:32:52] <또다시한잔 (ziboham)> 못들어서
[20:32:56] <$skygiu111> 어제도 안하신거 같운데
[20:32:57] <htf81> 오늘도 쉬냉
[20:33:03] <TheSoLy> 5,6일 휴뱅인디요
[20:33:03] <또다시한잔 (ziboham)> 어제오늘 휴방
[20:33:09] <또다시한잔 (ziboham)> 혹시나 켜줄까 하고 들어와쓴ㄴ데
[20:33:11] <maxmin35> 풍형 휴대폰으로 방송해주어어
[20:33:13] <TheSoLy> 이제 송도 스테락이니까
[20:33:21] <TheSoLy> 동두천 햄듀먹이 아닌거시구요..
[20:33:50] <+ryufukui> 형생각해 찡긋
[20:33:59] <또다시한잔 (ziboham)> 풍형이 갖고오는 똥겜 보고싶다
[20:34:00] <maxmin35> 엽엽
[20:34:01] <머롱머롱롱 (kisj91)> 하 돼지뇨속 진짜...
[20:34:19] <maxmin35> 엽엽엽!
[20:34:28] <%+전국인정협회장 (woogi9204)> 지각?
[20:34:33] <nmnm1784> 오늘 휴ㅠㅠㅠ방이네
[20:34:38] <TheSoLy> 보헤미안 끝나고 암낫오케 틀면서 엽엽해야할 시간에
[20:34:39] <%+전국인정협회장 (woogi9204)> 헐
[20:34:45] <nmnm1784> 공지에 5 6 일 휴방합니다 쓰셨는디여
[20:35:02] <%+전국인정협회장 (woogi9204)> 이틀 휴방은 반칙인데
[20:35:07] <nmnm1784> ㅠㅠ..
[20:35:15] <maxmin35> 휴대폰 방송 가즈아아 ㅜㅜ
[20:35:26] <밀양익룡 (dreamer1359)> 오방없
[20:35:34] <TheSoLy> 내일 설치방송 하는건가
[20:37:36] <%와베스피자 (kimjm1212)> 아심심하당
[20:39:26] <안갯길 (cksdud1229)> 엽엽
[20:39:51] <%와베스피자 (kimjm1212)> 엽엽
[20:40:04] <우짬ㅎ (caritz1)> 다음팟으로 이사간다면서요?
[20:40:13] <봄눈 (goals1224)> >>
[20:40:15] <봄눈 (goals1224)> ??
[20:40:30] <우짬ㅎ (caritz1)> 맨날 다음팟 다음팟 하시던뎅
[20:40:35] <%와베스피자 (kimjm1212)> 다음팟이여??
[20:40:47] <%알리야세자르 (alyacesaire)> 오늘도 휴방이시네 ㅠ
[20:40:48] <$samdu333> 풍형
[20:41:01] <$samdu333> 나와주세요오
[20:41:17] <훈수그만 (ehruflek)> 오늘 휴방인가요??
[20:41:26] <%와베스피자 (kimjm1212)> 오늘까지 휴뱅이염
[20:41:41] <훈수그만 (ehruflek)> 그렇구나 ..
[20:43:45] <njw1810> BibleThump BibleThump
[20:43:53] <홍삼 (pgs2013)> BibleThump BibleThump BibleThump
[20:44:42] <eso_choco> 힝 대지형 오늘도 쉬는 겅미..? ㅠ_ㅠ
[20:45:04] <펭귄카레 (shrxm21)> 아 이사구나
[20:45:12] <%나풍뎅 (rjyneho_o)> 넹 오늘까지 BibleThump
[20:48:01] <%브랜디 (blendy01)> poongTt poongTt poongTt
[20:49:32] <njw1810> RaccAttack RaccAttack
[20:50:16] <gkhadaip> ㅣ
[20:51:27] <greattruth12> 풍 보고싶다
[20:51:31] <greattruth12> 빨리 컴백하라
[20:51:54] <앙두인 (pigpoongpig)> 대지뇨석....... ㅠㅠㅠㅠㅠㅠㅠ
[20:52:47] <parza352> 대지 보고싶다...
[20:54:21] <%강남대표 (mbrgangnam)> 휴방인가..
[20:54:54] <parza352> 대지 이사간대요
[20:55:05] <greattruth12> 대지 뇨속 보고싶다
[20:55:21] <parza352> 나두
[20:55:38] <limoncello20> ㅇ
[20:55:58] <greattruth12> 풍은 컴백하라
[20:57:55] <qkrrnsRj> 5252
[20:57:59] <믐매 (ttge13)> 아앗...오방없...ㅠㅠ
[20:58:08] <오닁 (onueing0431)> 오늘도 휴방이라니이잇
[21:00:48] <%limits2018> 풍형ㅠㅠㅠ
[21:01:00] <곰고미_엔씨 (gomgomy)> 300평짜리로 이사가시는구나..
[21:01:20] <philoarte> 영태스끼 이사갔스끼...
[21:02:04] <8오8 (tempus90)> 대..지..
[21:02:32] <east_sunset> 뇨.. 속..
[21:03:20] <히히잇 (csm4930)> 돼지
[21:05:12] <hoiori85> 이틀이 엄청 길게 느껴진다
[21:05:59] <$존예들은트위치안함 (90jiwon)> 엽엽 ㅜㅜ
[21:07:16] <greattruth12> 내일은 꼭 와랑
[21:07:18] <greattruth12> 돼지뇻
[21:08:38] <사무라이핫트 (dhs0922)> 또이사야형?
[21:10:17] <제로콜라곰 (poongpa)> 아.. 맞다.. 형 오늘도 안온다고했지 ㅠ 이사 잘해여 형!
[21:10:32] <로스트시온 (flamingstar93)> 방송보면서이사 4번하는거보네
[21:11:02] <로스트시온 (flamingstar93)> 역시돼기업
[21:11:06] <사무라이핫트 (dhs0922)> 좋은대로가~
[21:11:18] <$아메으리카노 (qkrwlstjd743)> 대지뇨속 아직 이사크리?
[21:11:24] <%영또속 (maka813)> 헐 휴방이군
[21:11:26] <청규울 (hyacinth90)> 56일 길게느껴지네여ㅠ
[21:11:27] <사무라이핫트 (dhs0922)> 로아 슬슬 떡락가이더라 롤이나하자
[21:11:37] <ohsunil> 로아 덕락이라뇨
[21:11:40] <ohsunil> 개잼있는데
[21:11:51] <ohsunil> 사람마다 취향이 다르니~
[21:11:52] <%fatal1000> 방송안해서 다시보기 보고있음..
[21:11:59] <%fatal1000> 대지뇨속..
[21:12:02] <+ujitea_> ㅠㅠ
[21:12:07] <사무라이핫트 (dhs0922)> 개인취향인가 풍형은사실 똥겜할때가진가를 발휘하는듯
[21:12:09] <parza352> 대지뇨속 빨리 와 8ㅅ8
[21:12:11] <Hani6472> 전설의 돼지
[21:12:12] <청규울 (hyacinth90)> ㅋㅋㅋㅋㅋㅋㅋㅋㅋㅋ
[21:12:15] <+ujitea_> 진짜 이틀이
[21:12:16] <parza352> 옵치나 롤 좀 했으면
[21:12:16] <코카콜라루다가 (wkh8440)> 하.. 넘모 슬프자너
[21:12:18] <+ujitea_> 이렇게 길줄이야 ㅠㅠ
[21:12:31] <사무라이핫트 (dhs0922)> 옵치.롤 ㄹㅇ 자주는안해도 가끔해줫으면
[21:12:50] <parza352> 옵치만 유일하게 골드감인데
[21:12:51] <parza352> 좀 해주지
[21:21:37] <%잇힝돌진파 (serom123)> 풍형보구싶다..
[21:21:46] <불타는통닭 (haterry)> ㅠㅠ
[21:21:51] <%나풍뎅 (rjyneho_o)> 풍보싶..
[21:22:12] <기묜때지 (anyj0527)> 대지뇨속..
[21:23:10] <llllIIIIlllIIIllIIlI> 엽엽???
[21:23:58] <%나풍뎅 (rjyneho_o)> 꾸독 poongBbuing
[21:29:21] <풍형잠깐내말좀들어봐 (ookokooh37)> 지각이다 대지뇨속
[21:29:37] <rabslave> 모야 풍형 어딧어
[21:29:44] <미셸푸코 (hojoong11133)> 오늘 휴방이에요?
[21:30:28] <%잇힝돌진파 (serom123)> 이사가셨뜨아
[21:33:41] <촙야 (eodj22)> 오방없...?ㅠ
[21:34:25] <+qnflqnfl21> 오늘은 왜 안해용? ?
[21:34:31] <+qnflqnfl21> 아하 이사
[21:35:14] <%니나아 (qpwp14)> 대지대지 보고싶따ㅠㅠ
[21:37:10] <Shawnjk> 형을 못본지 어언 6년... 잘지내고 있을까 궁금해... 형 건강해야돼
[21:39:14] <낭만고양이2 (dlrudgks1)> 풍형오늘
[21:39:17] <낭만고양이2 (dlrudgks1)> 휴방이에요 ?
[21:39:19] <낭만고양이2 (dlrudgks1)> ㅠㅠ
[21:39:22] <gyqls9424> 대지뇨속
[21:39:26] <gyqls9424> 오늘까지 이사한대여
[21:39:32] <낭만고양이2 (dlrudgks1)> 안되
[21:39:35] <%브랜디 (blendy01)> poongTt poongTt poongTt
[21:39:36] <낭만고양이2 (dlrudgks1)> 돼지 뇨쇽
[21:39:37] <gyqls9424> 낼방송하신대여
[21:39:44] <팬티찢는스님 (pente)> 풍형 배에 마구니가 가득하구나...
[21:39:47] <낭만고양이2 (dlrudgks1)> 망신 풍월량 바야되는데
[21:39:51] <팬티찢는스님 (pente)> 어서 당장 끌어오라!
[21:39:52] <낭만고양이2 (dlrudgks1)> ㅋㅋㅋㅋㅋㅋㅋㅋㅋㅋㅋㅋㅋㅋ
[21:39:57] <낭만고양이2 (dlrudgks1)> 망신
[21:40:17] <gyqls9424> 풍요일에 만나엽엽
[21:40:35] <낭만고양이2 (dlrudgks1)> 이사 기념 술먹방 안하시나 ㅋ
[21:40:37] <팬티찢는스님 (pente)> 풍형 당장 오지 않으시면
[21:40:38] <낭만고양이2 (dlrudgks1)> ㅋㅋㅋㅋㅋㅋㅋㅋㅋㅋㅋㅋㅋㅋㅋㅋㅋㅋㅋㅋㅋ
[21:40:39] <팬티찢는스님 (pente)> 돈가스 해먹을겁니다.
[21:40:48] <낭만고양이2 (dlrudgks1)> 이사기념 술먹방 하셧으면 좋겟다
[21:48:16] <%골반매니아 (golbanmania)> 끝나지 않은 풍의 이사
[21:55:58] <풍형잠깐내말좀들어봐 (ookokooh37)> [짧] 동물들이 축구를 한다고?! 병맛 동물 시뮬레이터 1화 보기 ▶https://youtu.be/rSmPHCcl85I◀
[22:00:30] <팬티찢는스님 (pente)> ㅋㅋ 광고인줄
[22:01:11] <크리도 (alfm2336)> 풍형보고싶다 ㅠㅠ 내일까지 어떻게 기다려 ㅠㅠ
[22:04:58] <%햇파랑 (hatparang)> 풍님 방송 없으니 너무 허전하네요...ㅜ
[22:07:17] <brandsung> 돼지뇨속
[22:11:47] <풍월량만봄 (comssa1234)> BibleThump
[22:12:36] <bestmel> 대지횽 오늘도 휴방인가요 ㅠ
[22:13:23] <세냥 (wnsrl9109)> ㅠㅠ
[22:13:56] <$rhkddka02> ㅜㅠ
[22:14:11] <gyqls9424> 이사기념 수영장 보여주면좋게따
[22:14:27] <gyqls9424> 그 수영장...
[22:15:02] <귀염뽀짝풍월량 (yeeun0325)> 풍.형.조.아
[22:15:22] <귀염뽀짝풍월량 (yeeun0325)> 형 채팅으로라도 보고싶다
[22:58:38] <$sunnysunnykang> 풍월량님 어디 가셨어요?
[23:02:28] <%$둠칫두둠칫김풍뎅 (adorablerico)> 똑똑 poongGy
[23:02:35] <%$둠칫두둠칫김풍뎅 (adorablerico)> 아무도 없나영
[23:05:32] <%$ㅆㅏㅇ방울ㅇ (mhs6819)> 똑똑 사람이써여 poongBbuing
[23:05:49] <%$ㅆㅏㅇ방울ㅇ (mhs6819)> 풍님 송도로 이사가셨어여
[23:05:57] <sk7720> 대지뇨속 오늘도 안하네 ㅡㅡ
[23:06:15] <%$ㅆㅏㅇ방울ㅇ (mhs6819)> 내일오실꺼에염ㅋㅋ
[23:06:24] <%$ㅆㅏㅇ방울ㅇ (mhs6819)> 오늘이사하셨으니
[23:06:32] <sk7720> ㅋ.ㅋ 감사합니다
[23:06:59] <%$ㅆㅏㅇ방울ㅇ (mhs6819)> 내일 8시 반에 놀러오세여 ~
[23:09:54] <지니어스풍 (wind9006)> ㅠㅠ
[23:10:39] <mbk0314> 풍님없으니까 심심하다
[23:11:42] <%$ㅆㅏㅇ방울ㅇ (mhs6819)> 그쵸ㅠㅠ
[23:12:03] <%$ㅆㅏㅇ방울ㅇ (mhs6819)> 언제나 저녁시간마다 함께해주시니까 있다 없으면 넘 허전해
[23:13:53] <mbk0314> 풍님 목소리들으면서 과제하면 꿀인데
[23:13:55] <mbk0314> ㅋㅋㅋㅋ
[23:14:23] <%$ㅆㅏㅇ방울ㅇ (mhs6819)> 웅ㅋㅋ
[23:14:31] <%$ㅆㅏㅇ방울ㅇ (mhs6819)> 저는 틀어놓구자여
[23:14:46] <%$ㅆㅏㅇ방울ㅇ (mhs6819)> 조곤조곤하게 들려와서 잠이 잘와여
[23:15:12] <%$ㅆㅏㅇ방울ㅇ (mhs6819)> 아죠씨 보구싶따ㅠㅠ
[23:28:02] <%티빵 (tpfldk1226)> poongVes1
[23:28:11] <onlinepjw1> 혹혹
[23:28:24] <onlinepjw1> 월량이형 채팅이라도..
[23:28:26] <mbk0314> 저도 ㅋㅋㅋㅋ라디오해놓고 들으면서자면 꿀잠인데
[23:33:36] <%아이스크림맛나요 (dudwo1011)> poongPig
[23:37:08] <친구있는개똥벌레 (mercyisnverdie)> 오늘 안오셔용?
[23:37:12] <%+boolho> 넹
[23:37:56] <친구있는개똥벌레 (mercyisnverdie)> 헉 공지있었구나..감사해요!
[23:44:29] <ostrich59> 엽엽
[23:54:07] <%$둠칫두둠칫김풍뎅 (adorablerico)> 으아닝
[23:54:25] <%$둠칫두둠칫김풍뎅 (adorablerico)> 누군가 계신다니욧
