# Log started: 2018-12-10 00:02:18 +0900
[00:02:18] <%재현하다 (kevin00103)> heart2Eundori
[00:02:27] <주님한놈보낼게요 (kookodas9101)> 어 왓냥
[00:18:15] <%$춤추는공돌이 (ckh4956)> 존버 해산
[00:23:32] <%$따옥 (checkclean)> heart2Ppd heart2Ppd heart2Ppd
[00:34:45] <%$파니1256 (loseeflower)> 자야지 졸려 ㅠㅠ heart2Heart2 heart2Heart2 heart2Bye heart2Heart2 heart2Heart2 heart2Bye
[00:38:24] <%으어억심심해 (bubble1225)> heart2Huhuhu heart2Huhuhu heart2Huhuhu heart2Huhuhu
[00:43:32] <%$주지ㅡ스 (zoojiss)> heart2Huhuhu heart2Huhuhu heart2Huhuhu
[00:44:44] <%초록저금통 (gcbox)> heart2Huhuhu heart2Huhuhu heart2Huhuhu
[00:47:35] <%$판다냥이 (akdrh6618)> heart2Huhuhu heart2Huhuhu heart2Huhuhu
[00:47:47] <%킹카우맛새봄츄 (sksqhalrk)> 새봄츄우
[00:51:43] <@%싹둑 (ssakdook)> 채팅 룰은 채널 피드에서! :3 ♥
[00:52:09] <%+은돌이구독자 (young0410)> heart2Huhuhu heart2Huhuhu heart2Huhuhu
[00:55:02] <%한테리 (kmins06)> heart2Huhuhu heart2Huhuhu heart2Huhuhu
[00:55:42] <@%싹둑 (ssakdook)> 채팅 룰은 채널 피드에서! :3 ♥
[01:00:16] <%피로 (piro5030)> heart2Huhuhu heart2Huhuhu heart2Huhuhu
[01:01:39] <%$똘냥똘냥 (leejey829)> heart2Huhuhu heart2Huhuhu heart2Huhuhu
[01:02:06] <%집나온대학생 (vkfks098)> heart2Huhuhu heart2Huhuhu heart2Huhuhu
[01:03:35] <%방갓_ (sunsu0824)> heart2Huhuhu heart2Huhuhu heart2Huhuhu
[01:03:37] <%$ksh1130> heart2Huhuhu heart2Huhuhu heart2Huhuhu
[01:04:20] <%메로빈지언 (yeongeo)> heart2Huhuhu heart2Huhuhu heart2Huhuhu
[01:07:01] <%+여드름수달 (acneotter)> heart2Huhuhu heart2Huhuhu heart2Huhuhu
[01:08:05] <%aahaa2> heart2Kkigomm heart2Jumjum
[01:09:31] <%으어억심심해 (bubble1225)> heart2Huhuhu heart2Huhuhu heart2Huhuhu
[01:15:12] <@%싹둑 (ssakdook)> 채팅 룰은 채널 피드에서! :3 ♥
[01:23:46] <%$춤추는공돌이 (ckh4956)> heart2Huhuhu heart2Huhuhu heart2Huhuhu
[01:25:35] <%+야청 (yachung1)> heart2Huhuhu heart2Huhuhu heart2Huhuhu
[01:28:45] <%$멜론빵__ (asiamoo25)> heart2Huhuhu heart2Huhuhu
[01:30:29] <@%싹둑 (ssakdook)> 채팅 룰은 채널 피드에서! :3 ♥
[01:33:13] <%집나온대학생 (vkfks098)> heart2Huhuhu heart2Huhuhu heart2Huhuhu
[01:43:28] <%타미나 (qkrgywls14)> heart2Huhuhu heart2Huhuhu heart2Huhuhu
[01:43:53] <@%싹둑 (ssakdook)> 채팅 룰은 채널 피드에서! :3 ♥
[01:45:36] <%$새봄바보 (jch248963)> heart2Huhuhu heart2Huhuhu heart2Huhuhu
[01:47:12] <%회색허수아비 (s9hh6s)> 슬슬 자러가야겠... 읍읍... heart2Kkigomm
[01:48:28] <@%싹둑 (ssakdook)> 채팅 룰은 채널 피드에서! :3 ♥
[02:01:28] <@%싹둑 (ssakdook)> 채팅 룰은 채널 피드에서! :3 ♥
[02:10:03] <@%싹둑 (ssakdook)> 채팅 룰은 채널 피드에서! :3 ♥
[02:19:59] <@%싹둑 (ssakdook)> 채팅 룰은 채널 피드에서! :3 ♥
[02:41:41] <%미스터효 (philli5151)> heart2Cry heart2Cry heart2Cry
[02:45:40] <%$김절찬 (frozennowshowing)> heart2Sebomchu2 heart2Sebomchu2 heart2Sebomchu2
[02:46:21] <@%싹둑 (ssakdook)> 채팅 룰은 채널 피드에서! :3 ♥
[03:01:02] <%+은돌이구독자 (young0410)> 존버는... 승리한...다... heart2Eundori heart2Eundori heart2Eundori
[03:14:33] <%$WoundedPoptart> heart2Kkigomm
[03:21:21] <%$판다냥이 (akdrh6618)> 빠빠
[03:24:01] <%피로 (piro5030)> heart2Jumjum
[03:29:19] <@%싹둑 (ssakdook)> 채팅 룰은 채널 피드에서! :3 ♥
[03:42:13] <%$주지ㅡ스 (zoojiss)> heart2Huhuhu heart2Huhuhu heart2Huhuhu
[03:49:49] <%aahaa2> heart2Pinkcat
[03:55:22] <@%싹둑 (ssakdook)> 채팅 룰은 채널 피드에서! :3 ♥
[04:14:47] <%코코알라00 (playgm1)> heart2Huhuhu heart2Huhuhu heart2Huhuhu
[04:15:03] <%$유사청자1 (chungja1)> heart2Huhuhu heart2Huhuhu heart2Huhuhu
[04:20:40] <%$shoony123> heart2Huhuhu heart2Huhuhu heart2Huhuhu
[04:22:50] <%$새봄바보 (jch248963)> heart2Huhuhu heart2Huhuhu heart2Huhuhu
[04:29:20] <@%싹둑 (ssakdook)> 채팅 룰은 채널 피드에서! :3 ♥
[04:32:20] <Harishiva> nanNight nanNight
[04:47:11] <%미스터효 (philli5151)> 이제 야방 없겠죵?
[04:55:27] <@%싹둑 (ssakdook)> 채팅 룰은 채널 피드에서! :3 ♥
[04:56:23] <%피로 (piro5030)> 오늘 오시니 없을듯
[06:08:02] <%$shoony123> 오늘 출발하니 없을듯
[06:10:56] <%hwannii> 오늘 자유시간 준다고 하지 않았나?
[06:12:19] <@%싹둑 (ssakdook)> 채팅 룰은 채널 피드에서! :3 ♥
[06:31:29] <%$판다냥이 (akdrh6618)> heart2Kkigomm heart2Kkigomm heart2Kkigomm
[06:37:44] <%미스터효 (philli5151)> 그립읍니다 heart2Cry
[06:45:05] <%aahaa2> heart2Eundori
[06:46:20] <@%싹둑 (ssakdook)> 채팅 룰은 채널 피드에서! :3 ♥
[06:47:24] <%$shoony123> 그립읍니다... heart2Huhuhu heart2Jumjum
[06:48:10] <%$금은링 (gmnring)> heart2EundolE
[06:54:57] <henryjackjohn> 13일까지 무려 단 3일! 3일 동안 존버하라구
[06:55:20] <@%싹둑 (ssakdook)> 채팅 룰은 채널 피드에서! :3 ♥
[07:07:40] <%귀여운새봄쮸 (cutesebomjju)> 새봄추 13일에 방송하나요?
[07:18:59] <%미스터효 (philli5151)> 12일부터 정상방송이에요 11일은 송출컴 바꾸는 날
[07:21:03] <%$shoony123> 12일부터 방송이에양
[07:29:04] <henryjackjohn> 오늘 저녁에 비행기타서 내일 도착에 바로 컴바꾸고 세팅전 굽고 다음날 바로방송? 여독 푸시게 13일날 하는게 좋지 않을까 싶엉 알아서 하시겠지만
[07:29:19] <@%싹둑 (ssakdook)> 채팅 룰은 채널 피드에서! :3 ♥
[07:50:42] <%hwannii> 12일까지 어떻게 버티나 ㅠㅠ
[08:04:55] <%미스터효 (philli5151)> 보고싶습니다 heart2Cry
[08:12:20] <@%싹둑 (ssakdook)> 채팅 룰은 채널 피드에서! :3 ♥
[08:14:03] <%$ksh1130> 비행기 타기전에 한번 켜줬으면 하는 heart2Cry heart2Jumjum
[08:33:38] <%킹갓도도 (june0629)> 잘 귀국하세욧 heart2Pinkcat heart2Heart2
[08:38:44] <%미스터효 (philli5151)> heart2Cry heart2Cry heart2Cry
[08:46:21] <@%싹둑 (ssakdook)> 채팅 룰은 채널 피드에서! :3 ♥
[08:54:55] <%+착한고라니 (mannerelk)> heart2Poop heart2Poop3 heart2Pinkcat
[08:56:51] <%한테리 (kmins06)> 돼뚠냥이.. 공항가서 심심하면 야방 한번만.... heart2Huhuhu heart2Jumjum heart2Heart2 heart2Heart2 heart2Pinkcat
[08:59:33] <%귀여운새봄쮸 (cutesebomjju)> heart2Ppd heart2Heart2 heart2Huhuhu
[09:12:03] <%미스터효 (philli5151)> 못킬걸 알면서도 기다리게 되네 heart2Cry
[09:12:19] <@%싹둑 (ssakdook)> 채팅 룰은 채널 피드에서! :3 ♥
[09:16:55] <%$춤추는공돌이 (ckh4956)> heart2Pinkcat heart2Pinkcat heart2Pinkcat
[09:23:29] <%hwannii> heart2Huhuhu heart2Huhuhu heart2Huhuhu heart2Cry heart2Cry
[09:27:17] <%회색허수아비 (s9hh6s)> heart2Pinkcat heart2Huhuhu heart2Poop
[09:29:19] <@%싹둑 (ssakdook)> 채팅 룰은 채널 피드에서! :3 ♥
[09:34:38] <%$새봄바보 (jch248963)> heart2Huhuhu heart2Huhuhu heart2Huhuhu heart2Huhuhu heart2Huhuhu
[09:35:05] <%$금은링 (gmnring)> heart2Saebom heart2Jumjum
[09:46:20] <@%싹둑 (ssakdook)> 채팅 룰은 채널 피드에서! :3 ♥
[09:59:11] <%$춤추는공돌이 (ckh4956)> heart2Whatthe heart2Whatthe
[10:02:23] <%+착한고라니 (mannerelk)> heart2Poop3 heart2Poop heart2Pinkcat
[10:12:20] <@%싹둑 (ssakdook)> 채팅 룰은 채널 피드에서! :3 ♥
[10:28:07] <%$아왜이 (ray1172)> heart2Fearrr heart2Fearrr heart2Jumjum heart2Kkigomm heart2Huhuhu
[10:31:40] <%$새봄바보 (jch248963)> heart2Huhuhu heart2Huhuhu heart2Huhuhu heart2Huhuhu 슬로우 모드가 해제되었습니다.
[10:32:55] <%미스터효 (mrhyo)> ㅠㅠ
[10:33:04] <%$판다냥이 (akdrh6618)> heart2Kkigomm heart2Kkigomm heart2Kkigomm
[10:33:25] <%한테리 (kmins06)> heart2Huhuhu heart2Huhuhu heart2Huhuhu heart2Huhuhu heart2Huhuhu heart2Kkigomm heart2Jumjum heart2Heart2 heart2Heart2
[10:40:50] <%+은돌이구독자 (young0410)> heart2Huhuhu heart2Huhuhu heart2Huhuhu
[10:42:44] <%haruki_ryou> 너무많생각합 heart2Jumjum
[10:46:19] <@%싹둑 (ssakdook)> 채팅 룰은 채널 피드에서! :3 ♥
[10:48:02] <%흐락 (thasldna)> 너무많생각합
[10:49:37] <%회색허수아비 (s9hh6s)> 생각이 많은 heart2Poop
[10:55:19] <@%싹둑 (ssakdook)> 채팅 룰은 채널 피드에서! :3 ♥
[11:07:54] <%미스터효 (mrhyo)> 보고싶읍니다 heart2Cry
[11:09:37] <%$clownishknuckle> 하... 은제오냐.... 아름다운 돼뚠냥이 보고싶읍니다 heart2Cry heart2Heart2 MercyWing1 heart2Pray MercyWing2 heart2Heart2 heart2Cry
[11:10:12] <%$춤추는공돌이 (ckh4956)> 조심히 편하게 오3
[11:12:20] <@%싹둑 (ssakdook)> 채팅 룰은 채널 피드에서! :3 ♥
[11:12:22] <%$ksh1130> heart2Cry heart2Cry
[11:15:04] <%$아왜이 (ray1172)> 은제 비행기 타시려나..그때 자러가고싶은디..
[11:29:20] <@%싹둑 (ssakdook)> 채팅 룰은 채널 피드에서! :3 ♥
[11:42:27] <%aahaa2> heart2Jumjum
[11:42:49] <%귀여운새봄쮸 (cutesebomjju)> heart2Ppd heart2Heart2 heart2Huhuhu
[11:46:19] <@%싹둑 (ssakdook)> 채팅 룰은 채널 피드에서! :3 ♥
[11:47:29] <%미스터효 (mrhyo)> 캡잭님 방송키셨어용 아직 라스베가스인듯
[11:48:27] <%$쌍새순 (bloom0925)> 가즈아ㅏㅏ
[11:49:16] <%+YOOTooy> ㄳ
[11:55:28] <@%싹둑 (ssakdook)> 채팅 룰은 채널 피드에서! :3 ♥
[12:07:28] <%$ksh1130> 와치님도 키시기는 함 이모는 안나오지만
[12:09:46] <%방갓_ (sunsu0824)> 캡잭피셜)현지 시각으로 10시쯤 비행기 한국 화요일 아침 도착
[12:09:48] <%마스테마 (bbb1008)> heart2Kkigomm heart2Kkigomm heart2Kkigomm
[12:10:46] <%$금은링 (gmnring)> heart2EundolE
[12:12:19] <@%싹둑 (ssakdook)> 채팅 룰은 채널 피드에서! :3 ♥
[12:24:01] <%집나온대학생 (vkfks098)> heart2Poop3 heart2Poop heart2Poop3 heart2Poop
[12:40:21] <%미스터효 (mrhyo)> 보고습니다 새봄추 heart2Cry heart2Cry
[12:46:19] <@%싹둑 (ssakdook)> 채팅 룰은 채널 피드에서! :3 ♥
[12:52:41] <%$춤추는공돌이 (ckh4956)> heart2Huhuhu heart2Huhuhu heart2Huhuhu
[12:58:12] <%$아린시엘 (mmoldk)> heart2Kkigomm
[12:59:22] <행복한새싹 (edithsprout)> !끼곰이
[12:59:23] <@%싹둑 (ssakdook)> 끼곰이 : ( 끼곰은 솜을 팔러 나간 듯 하다 )
[13:12:20] <@%싹둑 (ssakdook)> 채팅 룰은 채널 피드에서! :3 ♥
[13:18:17] <%미스터효 (mrhyo)> heart2Cry heart2Cry heart2Cry heart2Cry heart2Cry heart2Cry
[13:22:47] <%집나온대학생 (vkfks098)> heart2Kkigomm heart2Kkigomm heart2Kkigomm
[13:24:05] <%$ksh1130> 마무리공지나 기다려봅니다 ..
[13:27:09] <%김태현12 (dnlqks)> heart2Saebom heart2Heart2 heart2Ppd
[13:29:19] <@%싹둑 (ssakdook)> 채팅 룰은 채널 피드에서! :3 ♥
[13:50:27] <%미스터효 (mrhyo)> 귀국 공지 존버합니다
[13:51:11] <%알드라치 (sorew21)> heart2Horde heart2Horde heart2Horde
[13:51:12] <%+꼬마돌멩이 (zzznm2151)> 아마 내일 새벽쯤 오시지 않나용
[13:55:27] <@%싹둑 (ssakdook)> 채팅 룰은 채널 피드에서! :3 ♥
[13:58:23] <%어리니 (linialini)> heart2Ppd heart2Jumjum
[14:06:02] <%+YOOTooy> heart2Huhuhu heart2Huhuhu
[14:12:19] <@%싹둑 (ssakdook)> 채팅 룰은 채널 피드에서! :3 ♥
[14:29:36] <%$shoony123> heart2Huhuhu heart2Huhuhu heart2Huhuhu
[14:32:13] <%김팔계 (invitezgose1)> heart2Podol heart2Podol heart2Podol
[14:39:30] <%$ksh1130> heart2Cry heart2Cry
[14:39:40] <%$금은링 (gmnring)> heart2Bye
[14:41:14] <Harishiva> nanSad nanSad
[14:46:19] <@%싹둑 (ssakdook)> 채팅 룰은 채널 피드에서! :3 ♥
[14:52:15] <%미스터효 (mrhyo)> 곧 10시 비행기탑승 비행시간 약 14시간 얼른와요 새봄추 heart2Cry heart2Cry heart2Cry
[14:55:24] <%+YOOTooy> 10시 비행기?
[15:05:50] <%킹갓도도 (june0629)> 이제 비행기 탔겠네요. 잘 오길 바랍니다 heart2Pinkcat
[15:08:00] <%aahaa2> heart2Fearrr
[15:12:19] <@%싹둑 (ssakdook)> 채팅 룰은 채널 피드에서! :3 ♥
[15:21:25] <%$판다냥이 (akdrh6618)> heart2Cry
[15:24:37] <%$shoony123> heart2Cry heart2Cry
[15:29:21] <@%싹둑 (ssakdook)> 채팅 룰은 채널 피드에서! :3 ♥
[15:39:40] <%ang_ko_heal> heart2Huhuhu heart2Pinkcat heart2Huhuhu heart2Pinkcat
[15:40:56] <%$ksh1130> 조심히 오셔랑 heart2Cry
[15:46:27] <@%싹둑 (ssakdook)> 채팅 룰은 채널 피드에서! :3 ♥
[15:51:31] <%$아린시엘 (mmoldk)> heart2Cry
[16:43:01] <%$춤추는공돌이 (ckh4956)> heart2Huhuhu heart2Huhuhu heart2Huhuhu
[16:44:42] <%$똘냥똘냥 (leejey829)> heart2Huhuhu heart2Huhuhu heart2Huhuhu
[16:44:56] <%haruki_ryou> 외출하여밥먹 TPFufun
[16:46:42] <@%싹둑 (ssakdook)> 채팅 룰은 채널 피드에서! :3 ♥
[16:47:18] <%$금은링 (gmnring)> heart2Pinkcat
[16:52:47] <%$판다냥이 (akdrh6618)> heart2Pinkcat heart2Pinkcat
[16:54:06] <흐음냥이 (hmmcat)> 공지다
[16:55:21] <@%싹둑 (ssakdook)> 채팅 룰은 채널 피드에서! :3 ♥
[16:56:42] <%aahaa2> 낼 테스트 방송 하려나??
[16:57:36] <%$이요일 (hyo3003)> 귀국냥잉 heart2EundolE
[16:58:22] <%$아린시엘 (mmoldk)> 오 굳
[16:59:46] <%+YOOTooy> 공.지.조.아
[17:01:59] <%$파니1256 (loseeflower)> heart2Heart2 heart2Huhuhu
[17:09:44] <%$kkojong007> 오늘 비행기 타요??
[17:10:58] <%+gto511> 이미 탑승
[17:12:20] <@%싹둑 (ssakdook)> 채팅 룰은 채널 피드에서! :3 ♥
[17:13:54] <%잘생긴트수 (jh8751)> heart2Poop3 heart2Sebomchu2 heart2Poop heart2Huhuhu
[17:23:27] <%+야청 (yachung1)> 공지라니 heart2Fearrr
[17:29:19] <@%싹둑 (ssakdook)> 채팅 룰은 채널 피드에서! :3 ♥
[17:31:21] <%$따옥 (checkclean)> heart2Ppd heart2Ppd heart2Ppd
[17:57:45] <%귀여운새봄쮸 (cutesebomjju)> heart2Ppd heart2Heart2 heart2Huhuhu
[18:01:14] <%hwannii> heart2Pray heart2Pray heart2Pray heart2Cry heart2Cry heart2Cry
[18:12:21] <@%싹둑 (ssakdook)> 채팅 룰은 채널 피드에서! :3 ♥
[18:48:24] <%$판다냥이 (akdrh6618)> heart2Kkigomm heart2Kkigomm heart2Kkigomm
[18:54:33] <%$쑤시 (rhscnd4)> heart2Cry heart2Cry heart2Cry
[18:55:42] <@%싹둑 (ssakdook)> 채팅 룰은 채널 피드에서! :3 ♥
[19:13:04] <%한테리 (kmins06)> heart2Pray heart2Pray heart2Pray
[19:15:40] <%김태현12 (dnlqks)> heart2Whatthe heart2Heart2 heart2Ppd
[19:15:58] <%라쿠요 (you7903)> heart2Ppd heart2Heart2 heart2Ppd
[19:18:08] <카리카리 (karupi999)> Squid1 Squid2 Squid3 Squid4
[19:25:48] <%내트페이글 (hitjdqhr)> Squid1 SMOrc Squid2 Squid4
[19:29:53] <@%싹둑 (ssakdook)> 채팅 룰은 채널 피드에서! :3 ♥
[19:30:22] <국민남동생_ (nounouso1)> 이모 한국 무사귀환 기원 BloodTrail
[19:47:22] <%솔렘 (solem0809)> ㅎ
[19:52:37] <%$shoony123> heart2Whatthe heart2Whatthe heart2Whatthe
[19:56:18] <@%싹둑 (ssakdook)> 채팅 룰은 채널 피드에서! :3 ♥
[20:08:14] <%+은돌이구독자 (young0410)> 우리 이모 또 기내식먹을때 빼고 드르렁 하시겄네 heart2Eundori heart2Heart2 heart2Eundori heart2Heart2
[20:18:52] <%aahaa2> 존버단도 오늘은 휴식이구나.. heart2Eundori heart2Jumjum
[20:20:09] <%푸_우 (weyong)> heart2Huhuhu heart2Jumjum heart2Poop heart2Poop
[20:21:40] <%한테리 (kmins06)> 존버단들... 고생많았다냥~ heart2EundolE 오늘은 편안한 휴식을 ㅋ heart2Huhuhu heart2Heart2 heart2Pinkcat
[20:23:39] <%초록저금통 (gcbox)> heart2Huhuhu heart2Huhuhu heart2Huhuhu
[20:26:34] <%오동나무 (childjjun)> heart2Huhuhu heart2Huhuhu
[20:30:54] <MANIAXSTAR> 방송 보통 언제 시작함
[20:32:27] <kormckill> 랜 - 덤
[20:37:44] <@%싹둑 (ssakdook)> 채팅 룰은 채널 피드에서! :3 ♥
[20:38:13] <%$shoony123> heart2Huhuhu heart2Huhuhu heart2Huhuhu
[20:57:41] <@%싹둑 (ssakdook)> 채팅 룰은 채널 피드에서! :3 ♥
[20:57:49] <%람나찡 (naramna)> heart2Kkigomm heart2Jumjum
[21:01:56] <%$근복 (kimkim1017)> heart2Huhuhu
[21:04:19] <%킹카우맛새봄츄 (sksqhalrk)> 은제와
[21:05:01] <뭘봐새캬 (ssag1003)> 새봄추 오늘 휴방?
[21:06:00] <%$ksh1130> 내일이면 보는건가 heart2Cry heart2Cry
[21:07:04] <%$춤추는공돌이 (ckh4956)> 내일보자~
[21:13:44] <%오동나무 (childjjun)> 내일 볼수도 안볼수도
[21:17:51] <%$shoony123> 내일 볼 수도 안 볼 수도
[21:25:52] <@%싹둑 (ssakdook)> 채팅 룰은 채널 피드에서! :3 ♥
[21:42:40] <illi3Sana> !나이
[21:42:41] <@%싹둑 (ssakdook)> heart2Whatthe 23짤
[21:43:16] <%으어억심심해 (bubble1225)> heart2Huhuhu heart2Huhuhu heart2Huhuhu
[21:51:27] <@%싹둑 (ssakdook)> 채팅 룰은 채널 피드에서! :3 ♥
[21:53:48] <%미스터효 (mrhyo)> 나... 죽어.. 끅...
[21:57:23] <%초록저금통 (gcbox)> heart2Huhuhu heart2Huhuhu heart2Huhuhu
[21:58:16] <%hwannii> heart2Pray heart2Pray
[21:58:44] <%$아린시엘 (mmoldk)> heart2X heart2X heart2X
[22:00:10] <카리카리 (karupi999)> 지금쯤 태평양을 건너고 있을려나 새봄추
[22:01:08] <페이폰 (whv123)> !장비
[22:07:26] <%한테리 (kmins06)> heart2Eundori : Zzzz Zzzz heart2Heart2 heart2Heart2 heart2Pray : Zzzz Zzzz
[22:07:43] <%김태현12 (dnlqks)> heart2Pray heart2Heart2 heart2Ppd
[22:09:06] <%$별볼일없는별의별일 (starsailor77)> 위염때메 죽겟다냥 ㅠㅠ 치킨먹고시퍼
[22:09:11] <MANIAXSTAR> 오늘 휴방인가
[22:22:56] <illi3Sana> !나이
[22:22:58] <@%싹둑 (ssakdook)> heart2Whatthe 23짤
[22:29:04] <@%싹둑 (ssakdook)> 채팅 룰은 채널 피드에서! :3 ♥
[22:30:25] <%회색허수아비 (s9hh6s)> heart2Thxcat heart2Poop3 heart2Poop heart2Pinkcat
[22:30:50] <%씨크릿 (secret_ko)> heart2Kkigomm heart2Jumjum heart2Gudok heart2Kkigomm heart2Jumjum
[22:32:09] <%$shoony123> heart2Thxcat heart2Poop3 heart2Poop heart2Pinkcat
[22:38:41] <%한테리 (kmins06)> heart2Huhuhu heart2Jumjum heart2Bye heart2Bye heart2Heart2 heart2Heart2 heart2Pinkcat
[22:40:44] <%재현하다 (kevin00103)> heart2Eundori
[22:46:00] <%메로빈지언 (yeongeo)> 흐흐 구독갱신 준비완료
[23:03:20] <티르티르 (solchanmiso)> 주인장 나오라그래!
[23:17:28] <%초록저금통 (gcbox)> heart2Huhuhu heart2Huhuhu heart2Huhuhu
[23:17:52] <@%싹둑 (ssakdook)> 채팅 룰은 채널 피드에서! :3 ♥
[23:20:54] <제리너겟 (p12op)> 방장!
[23:21:20] <%$shoony123> heart2Huhuhu heart2Huhuhu heart2Huhuhu
[23:27:30] <보성녹차 (fkskdlf)> 새봄추님은 지금 러시아 위를 지나고 있읍니다
[23:38:57] <%$ksh1130> 보고시프다아 heart2Fearrr
[23:41:33] <illi3Sana> !나이
[23:41:33] <@%싹둑 (ssakdook)> heart2Whatthe 23짤
[23:57:09] <@%싹둑 (ssakdook)> 채팅 룰은 채널 피드에서! :3 ♥
