# Log started: 2018-12-05 16:29:19 +0900
[16:29:19] <@%싹둑 (ssakdook)> 채팅 룰은 채널 피드에서! :3 ♥
[16:40:16] <%$금은링 (gmnring)> heart2EundolE
[16:41:49] <%$아린시엘 (mmoldk)> heart2Cry heart2Cry
[16:45:24] <%$white_official> heart2Kkigomm heart2Kkigomm heart2Kkigomm
[16:46:57] <@%싹둑 (ssakdook)> 채팅 룰은 채널 피드에서! :3 ♥
[16:52:42] <%+스토미_ (ykh0314)> heart2Jumjum
[16:52:51] <%백두산고양이 (ehfzhd8)> 잘가고 있냥...?
[16:53:45] <%그스그냥 (gusugunyang)> heart2Kkigomm heart2Jumjum
[16:53:46] <%커여운여고생쟝 (dlguswns234)> heart2Sebomchu heart2Sebomchu2 heart2Cry heart2Cry heart2Cry
[16:55:14] <%한테리 (kmins06)> heart2Thxcat heart2Gudok heart2Thxcat heart2Gudok heart2Pinkcat heart2Huhuhu heart2Jumjum heart2Poop heart2Poop3
[16:55:24] <@%싹둑 (ssakdook)> 채팅 룰은 채널 피드에서! :3 ♥
[16:56:43] <%$clownishknuckle> 솔직히 새봄추 진짜 예쁜거 ㅇㅈ? ㅇㅇㅈ!
[16:58:08] <%haruki_ryou> heart2Pinkcat
[17:00:45] <%달빛바다_ (bini3040)> heart2Sebomchu heart2Sebomchu heart2Heart2
[17:12:19] <@%싹둑 (ssakdook)> 채팅 룰은 채널 피드에서! :3 ♥
[17:12:37] <%$ksh1130> heart2Cry heart2Cry
[17:15:19] <%오동나무 (childjjun)> heart2Cry heart2Jumjum
[17:15:34] <%$근복 (kimkim1017)> 그립읍니다heart2Cry
[17:18:44] <아레나는 (eoaoh)> 올때까지 숨 참겠읍니다.. 흡
[17:19:57] <%역학싫어 (ljwsky3)> 11~12 정상뱅송인가
[17:21:31] <%$춤추는공돌이 (ckh4956)> 11일까지 휴뱅
[17:29:21] <@%싹둑 (ssakdook)> 채팅 룰은 채널 피드에서! :3 ♥
[17:50:38] <%aahaa2> heart2Pray
[17:50:44] <%기호_ (vksehfk)> heart2Cry heart2Cry heart2Cry
[17:53:56] <%배우는호랑이 (bae_ho)> baehoSuperbye heart2Cry
[17:55:12] <%$춤추는공돌이 (ckh4956)> heart2Bbabbapink heart2Bye heart2Pinkcat
[17:55:22] <@%싹둑 (ssakdook)> 채팅 룰은 채널 피드에서! :3 ♥
[18:04:36] <%$shoony123> 그립읍니다... heart2Cry heart2Cry
[18:05:54] <%피로 (piro5030)> heart2Cry heart2Cry heart2Cry
[18:07:23] <%$니부때 (nibooddae)> heart2Cry heart2Cry heart2Cry
[18:12:21] <@%싹둑 (ssakdook)> 채팅 룰은 채널 피드에서! :3 ♥
[18:12:56] <%+야청 (yachung1)> heart2Cry heart2Cry heart2Cry
[18:13:03] <%$근복 (kimkim1017)> heart2Cry heart2Cry heart2Cry
[18:18:05] <%제주녹차 (movinggk)> 않이 ㅋㅋㅋㅋㅋㅋ이게뭐야 heart2Huhuhu heart2Jumjum
[18:25:15] <아레나는 (eoaoh)> 올때까지 숨 참겠읍니다.. 흡
[18:26:56] <%$ksh1130> heart2Cry
[18:28:02] <%+gto511> heart2Huhuhu heart2Heart2 ssangbeSsangbae
[18:29:30] <@%싹둑 (ssakdook)> 채팅 룰은 채널 피드에서! :3 ♥
[18:36:19] <%역학싫어 (ljwsky3)> heart2Kkigomm heart2Kkigomm heart2Kkigomm
[18:36:42] <%김태현12 (dnlqks)> heart2Cry heart2Cry heart2Cry heart2Cry
[18:48:04] <%$근복 (kimkim1017)> heart2Cry heart2Cry heart2Cry
[18:48:14] <%aahaa2> 응? 멀티 트위치 저만 안돼나요?? heart2Eundoling
[18:48:36] <@%싹둑 (ssakdook)> 채팅 룰은 채널 피드에서! :3 ♥
[18:49:49] <%커여운여고생쟝 (dlguswns234)> 아...아......ㅠㅠ
[18:50:38] <%오동나무 (childjjun)> 새봄추 미국갔어 heart2Cry heart2Cry
[18:52:35] <%달흐르듯이 (ersmus)> 야방켤때까지..숨 참겠습니다.. 흡~~~
[18:55:36] <@%싹둑 (ssakdook)> 채팅 룰은 채널 피드에서! :3 ♥
[18:55:51] <한테리 (kmins06)> 지금 초홍님 야방중... 옆에 소풍님은 있는데 아직 뽕추님은 안보임 heart2Pinkcat heart2Heart2
[18:55:57] <%촉촉한가로쉬 (tongui246)> 뭐↘어↗?. 미국이 아니라 하늘나라겠지!
[18:59:09] <%메로빈지언 (yeongeo)> 오 정보 ㄳ
[19:08:29] <훈뀨 (ifeelsoblue)> 메롱
[19:13:02] <@%싹둑 (ssakdook)> 채팅 룰은 채널 피드에서! :3 ♥
[19:14:49] <쿡쿡콕콕 (cook2cok2)> 새봄추 지각해써
[19:17:13] <%$근복 (kimkim1017)> heart2cheer1 속보 초홍님 방송에 새봄추 등장
[19:19:17] <%김태현12 (dnlqks)> 이쁘다
[19:20:44] <%킹갓도도 (june0629)> 봄시렁봄시렁 heart2Heart2 heart2Heart2
[19:20:57] <%+gto511> 늙병추.. heart2Huhuhu heart2Cry
[19:24:41] <%$shoony123> 늙병냥이 heart2Cry heart2Cry
[19:24:56] <%$춤추는공돌이 (ckh4956)> heart2Poop heart2Poop3 heart2Pinkcat
[19:25:09] <%$클로디_ (scider_)> heart2Huhuhu heart2Jumjum
[19:25:18] <%aahaa2> heart2Fearrr heart2Fearrr
[19:25:22] <%+YOOTooy> 아 초홍님꺼만 알람이 꺼져있어서 몰랐다
[19:25:23] <%$조영남조형기조혜련조강현 (qwer5830)> 빠빠냥이 ㅇㅅㅇ
[19:25:27] <%오동나무 (childjjun)> 생존확인 완료
[19:25:36] <%새봄츄냥 (ahsoka0)> heart2Bye heart2Huhuhu heart2Bye
[19:25:43] <%$금은링 (gmnring)> 성불
[19:25:51] <%방갓_ (sunsu0824)> heart2Huhuhu heart2Jumjum
[19:25:53] <%$판다냥이 (akdrh6618)> heart2Bbabbapink heart2Bbabbapink heart2Bbabbapink 성불
[19:26:07] <한테리 (kmins06)> 음.. 초홍님 야방도 끝났는데..... 이어서 새봄님 야방을 하실려나.. heart2Huhuhu heart2Jumjum heart2Heart2 heart2Heart2
[19:26:12] <%$아린시엘 (mmoldk)> heart2Cry heart2Cry
[19:26:25] <자비한의 (jabihanui)> ㅋㅋㅋㅋㅋ
[19:26:29] <%aahaa2> heart2cheer1 짧게봐서 너무 아쉽구요...
[19:26:31] <%회색허수아비 (s9hh6s)> 지각냥이 생존확인완료. 다시 존버하라
[19:26:32] <%$ksh1130> 안키시려낭.. 너무 짧아 heart2Cry
[19:26:34] <%달흐르듯이 (ersmus)> 존버가 답이다
[19:26:46] <%백두산고양이 (ehfzhd8)> heart2Pray heart2Pray heart2Pray
[19:27:10] <%$shoony123> heart2cheer1 존버가 답이다
[19:27:15] <%뽀누 (tbvjqkqh)> heart2Huhuhu heart2Jumjum
[19:27:22] <아레나는 (eoaoh)> 올때까지 숨 참겠읍니다.. 흡
[19:31:08] <@%싹둑 (ssakdook)> 채팅 룰은 채널 피드에서! :3 ♥
[19:37:20] <maurach18> 뚱냥이 공지도 안 쓰고 갔네. 공지나 써라
[19:43:36] <%$아왜이 (ray1172)> 비행기 12시간잡으면...오늘저녁없음 새벽엔 자고와서 존버해도되겠군...맞나..
[19:45:04] <%당리동 (larsenhj)> heart2Pray heart2Pray
[19:47:49] <%봄날의길냥이 (g2sparkle)> heart2Bbabbapink heart2Bbabbapink 새봄추 미국 갔다옹. heart2Cry heart2Cry 13시간 비행이니 봄냥이들은 존버하지 말고 오늘 밤은 편히 주무시기 바랍니다.
[19:48:22] <@%싹둑 (ssakdook)> 채팅 룰은 채널 피드에서! :3 ♥
[19:48:40] <%+여드름수달 (acneotter)> heart2Bye heart2Pinkcat
[19:55:26] <@%싹둑 (ssakdook)> 채팅 룰은 채널 피드에서! :3 ♥
[19:58:12] <%+gto511> 공지 존버간다
[19:59:27] <%초록저금통 (gcbox)> 존버 가즈아ㅏㅏㅏㅏㅏㅏㅏ
[20:11:19] <%aahaa2> 트게더 어워드 투표 다하면 랜덤스트리머 3~24개월 구독 아이콘주네요.. 새봄추꺼 걸린분 있으실까??
[20:19:34] <%네자드 (bonoknight)> heart2Huhuhu heart2Jumjum
[20:19:49] <선비동민 (ehdals3982)> gd
[20:23:50] <@%싹둑 (ssakdook)> 채팅 룰은 채널 피드에서! :3 ♥
[20:24:01] <%$쌍새순 (bloom0925)> heart2Huhuhu heart2Jumjum
[20:25:28] <%+여드름수달 (acneotter)> heart2Kkigomm heart2Jumjum
[20:25:41] <%쿠니호 (kunihos)> 미국간 새봄추 그립읍니다.. heart2Fearrr heart2Jumjum
[20:26:49] <%$ksh1130> heart2Cry
[20:27:26] <흐음냥이 (hmmcat)> 9시 비행기였나 30분 존버한다
[20:28:10] <%푸_우 (weyong)> heart2Fearrr heart2Fearrr
[20:28:26] <%피로 (piro5030)> heart2Cry heart2Cry heart2Cry heart2Cry
[20:30:16] <%흐락 (thasldna)> heart2Heart2 heart2Huhuhu heart2Jumjum
[20:30:33] <%달흐르듯이 (ersmus)> 지금쯤이면.. 뱅기안에서..잘 준비하겠네
[20:30:41] <%$shoony123> 그립읍니다 heart2Cry heart2Cry heart2Cry
[20:31:04] <%한테리 (kmins06)> 공항야방은 없겠네여.. ㅠㅜ 좀 잇으면 비행기 이륙시간이니.. 아쉽.. heart2Cry heart2Cry 미쿡 잘 도착하기를.. heart2Heart2 heart2Heart2
[20:34:15] <%$구와아아아잉 (yeonjung_jin)> 공향야방 이초홍님 하셨는데 거기 새봄추 나왔어요 다시보기 하세요
[20:39:43] <%눈물 (snsanf2)> 공지냥이
[20:42:23] <%$똘냥똘냥 (leejey829)> 새봄추보러 이초홍 다시보기봐야지
[20:43:19] <%회색허수아비 (s9hh6s)> 초홍님 다시보기에서 24분 30초인가부터 나옴
[20:44:06] <%$아왜이 (ray1172)> 꿀팁 ㄳ
[20:44:41] <%$근복 (kimkim1017)> 피드 올라왔다냥
[20:45:39] <%오동나무 (childjjun)> 공지쓰셨네 편-안
[20:46:36] <%치즈큐브 (gforce4ti)> 25분 27초부터 보시면 됨 heart2Huhuhu
[20:48:09] <%$따옥 (checkclean)> heart2Huhuhu heart2Huhuhu heart2Jumjum
[20:48:46] <헤롱씌 (khb0061)> 야방 은제하냐
[20:54:24] <%미스터효 (philli5151)> 우리 스트리머 진짜로 미국갔어.. heart2Cry heart2Cry heart2Cry heart2Cry heart2Cry
[20:54:38] <@%싹둑 (ssakdook)> 채팅 룰은 채널 피드에서! :3 ♥
[20:55:01] <%$조영남조형기조혜련조강현 (qwer5830)> 1년 3미국 ㅇㅅㅇ;;
[20:55:41] <%메로빈지언 (yeongeo)> 이제 누가 빠빠해주냐..
[21:02:18] <%aahaa2> heart2Bbabbapink heart2Bye heart2Bbabbapink heart2Huhuhu
[21:02:28] <%$아린시엘 (mmoldk)> heart2Kkigomm heart2Kkigomm
[21:02:41] <%laughso> heart2Cry heart2Cry heart2Bye
[21:04:25] <%뉴스프링나노 (gotohall4)> heart2Bye heart2Bye heart2Bye heart2Bye
[21:07:07] <%한테리 (kmins06)> heart2Sebomchu2 heart2Bye heart2Bye heart2Heart2 heart2Heart2 heart2Cry heart2Cry
[21:11:12] <%기라델리 (junghwan0110)> heart2Saebom heart2Jumjum
[21:15:04] <%$춤추는공돌이 (ckh4956)> heart2Bbabbapink heart2Bbabbapink heart2Huhuhu
[21:18:23] <%ndthn> 감사 heart2EundolE
[21:20:12] <%촉촉한가로쉬 (tongui246)> 새봄추 하늘나라에서도 행복하길...
[21:20:33] <%$똘냥똘냥 (leejey829)> heart2Fearrr heart2Fearrr
[21:20:35] <%$shoony123> heart2Bye heart2Bye heart2Bye
[21:20:55] <%$쌍새순 (bloom0925)> heart2Whatthe
[21:21:09] <%쌍문역 (gqp2005)> heart2Sebomchu heart2Heart2 heart2Sebomchu2
[21:21:20] <%서새쁘리 (gkgisskfro)> 새봄추가 그리워지는 시간
[21:22:19] <기절할꺼같아 (oih632)> 새봄추 벌써 보고싶다...
[21:23:36] <@%싹둑 (ssakdook)> 채팅 룰은 채널 피드에서! :3 ♥
[21:24:18] <nrg1654> 휴방냥이?
[21:25:50] <%$금은링 (gmnring)> 와옹 와옹
[21:26:18] <하늘키높이 (sun8092)> 출국냥이??
[21:26:58] <%집나온대학생 (vkfks098)> heart2Sebomchu heart2Bye heart2Bye .....
[21:27:25] <%노답맨 (vomlpokn)> heart2Sebomchu2
[21:29:26] <@%싹둑 (ssakdook)> 채팅 룰은 채널 피드에서! :3 ♥
[21:30:28] <%$ksh1130> heart2Cry heart2Cry
[21:39:28] <%$파니1256 (loseeflower)> heart2Heart2 heart2Cry heart2Heart2 heart2Cry heart2Cry
[21:42:06] <%$판다냥이 (akdrh6618)> heart2Bbabbapink heart2Cry heart2Cry
[21:45:06] <%$새봄바보 (jch248963)> heart2Pray heart2Pray heart2Pray
[21:48:53] <%미스터효 (philli5151)> 존버 시작합니다 heart2Cry
[21:50:37] <%+gto511> 오늘은 푹 자도 됨 ㅋㅋ 으차피 비행기임
[21:51:02] <%+은돌이구독자 (young0410)> 어차피 비행기니 존버는 여기까지 트수들도 잘자라냥 heart2Cry heart2Cry heart2Cry
[21:51:11] <%촉촉한가로쉬 (tongui246)> heart2Poop heart2Poop3 heart2Poop heart2Poop3 heart2Bye heart2Bye
[21:52:32] <%서새쁘리 (gkgisskfro)> heart2Cry heart2Cry heart2Cry
[21:52:41] <dlwodnr78> 오늘 방송 언제 시작하나여
[21:55:22] <%회색허수아비 (s9hh6s)> 롤 올스타전 출장으로 휴방입니다. 자세한거는 트게더 공지를 확인해주세요
[21:56:16] <%$shoony123> 오늘부터 11일까지 휴방입니다 롤 올스타전 출장으로
[22:04:23] <@%싹둑 (ssakdook)> 채팅 룰은 채널 피드에서! :3 ♥
[22:06:12] <서세원서정권서인국서새봄 (manaholl)> 비행기에서 방송켜라 돼뚱냥이야 ㅠㅠㅠㅠㅠㅠㅠㅠㅠ
[22:08:44] <%$똘냥똘냥 (leejey829)> heart2Saebom heart2Saebom heart2Saebom
[22:12:31] <%$따옥 (checkclean)> heart2Huhuhu heart2Huhuhu heart2Huhuhu
[22:23:06] <%$쌍새순 (bloom0925)> heart2Huhuhu heart2Huhuhu heart2Huhuhu
[22:25:10] <%$우리집동네 (wkuukl)> heart2Huhuhu heart2Huhuhu heart2Huhuhu
[22:25:21] <%한테리 (kmins06)> heart2Huhuhu heart2Huhuhu heart2Huhuhu
[22:26:00] <뮤믄 (ser6616)> ?
[22:26:18] <%요들링 (nugack85)> heart2Cry heart2Cry heart2Cry
[22:26:50] <%오동나무 (childjjun)> heart2Cry heart2Cry
[22:26:59] <%봄날의길냥이 (g2sparkle)> heart2Huhuhu heart2Huhuhu 오뱅없. 새봄추 미국 갔다냥. heart2Cry heart2Cry 트게더 공지를 확인하라냥. 일찍 자야지.
[22:34:36] <@%싹둑 (ssakdook)> 채팅 룰은 채널 피드에서! :3 ♥
[22:34:37] <%$근복 (kimkim1017)> 내일 10시쯤 도착하실거 같으니 점심코인 탑승 heart2Pray heart2Pray heart2Pray
[22:36:26] <제리너겟 (p12op)> 트게더에 피즈 춤추는거 왤캐 웃기지 ㅋㅋㅋ
[22:38:47] <%+형서비 (gudtjq2005)> 새봄추 비행기안에서 푹자 ㅠㅠ 피곤해보이던뎅
[22:39:10] <%$똘냥똘냥 (leejey829)> heart2Huhuhu heart2Huhuhu heart2Huhuhu
[22:39:19] <%미스터효 (philli5151)> 절 대 존 버 해
[22:41:24] <%$금은링 (gmnring)> heart2Podol
[22:42:23] <%재현하다 (kevin00103)> 그립읍니다
[22:42:55] <krystal_mecjtepwn> ResidentSleeper
[22:44:22] <%aahaa2> heart2Cry heart2Cry
[22:50:23] <%커여운여고생쟝 (dlguswns234)> heart2Huhuhu heart2Huhuhu heart2Huhuhu
[22:56:31] <%태훈아잘하자 (ta2h)> 오늘 미국가시나요?
[22:56:50] <%$아왜이 (ray1172)> 지금 비행기안이실듯요
[22:58:18] <%$white_official> 새봄추 비행기에서 지금 꿀잠중
[22:59:36] <%$쌍새순 (bloom0925)> 아니면 소풍님한테 호드 사상교육중이거나
[23:02:08] <%서새쁘리 (gkgisskfro)> ㅠㅠㅠ그립읍니다..
[23:02:51] <ss00ac> 이미 가시지 않았나
[23:08:15] <@%싹둑 (ssakdook)> 채팅 룰은 채널 피드에서! :3 ♥
[23:11:30] <%미스터효 (philli5151)> 새봄추 heart2Cry
[23:12:36] <@%싹둑 (ssakdook)> 채팅 룰은 채널 피드에서! :3 ♥
[23:19:52] <hujun15> 그립읍니다
[23:23:33] <$ann6656> 까먹고 새봄추 기다리고 있었다ㅠㅠ
[23:28:40] <메모장켜라 (dltjswo2)> 심심해 새봄추...
[23:29:43] <%+야청 (yachung1)> heart2Cry heart2Cry heart2Cry heart2Cry
[23:35:00] <@%싹둑 (ssakdook)> 채팅 룰은 채널 피드에서! :3 ♥
[23:38:50] <%$ksh1130> 존버를 위해 자야 heart2Bbabbapink heart2Cry heart2Cry
[23:43:41] <%루핀스 (te44am)> 미국 도착 생방 존버 한다... MercyWing1 heart2Pray MercyWing2
[23:47:36] <%오동나무 (childjjun)> heart2Pray heart2Pray
[23:49:07] <%haruki_ryou> 타이페이에 마주친 100명 사람 들중에 80며중에 80명이 한국인이다....... heart2Fearrr
[23:59:42] <%$판다냥이 (akdrh6618)> 껄껄껄
[23:59:50] <@%싹둑 (ssakdook)> 채팅 룰은 채널 피드에서! :3 ♥
