# Log started: 2018-12-07 09:55:52 +0900
[09:55:52] <%매미어멈 (somniholic)> 오전방송 없어졌군 ㅠㅠ
[10:02:55] <%여권 (ykmbear)> 슬슬 오실 때가 되었는데
[10:06:25] <%돌숭이동인지 (jflute1228)> 급한 일이 생겨 오전방송은 취소되었다고 합니다
[10:13:15] <%여권 (ykmbear)> 눈물
[10:35:50] <큐지_ (qzyyy)> 머기중
[11:20:11] <joony28> ?
[13:01:01] <Qqwe123412341234> 오늘 저녁에 오십니다
[18:35:51] <kclue> BloodTrail
[18:45:56] <%$NosPawn13> 둠칫
[18:46:54] <조국수호의선봉조강현 (patriotkingkanghyun)> 착석
[18:46:58] <조국수호의선봉조강현 (patriotkingkanghyun)> 절대 방송켜~
[18:47:07] <hylee830> 절 대 방 송 켜
[18:47:47] <diyo1999> 계시나
[18:48:12] <조국수호의선봉조강현 (patriotkingkanghyun)> 오늘 갑자기 휴방이라고 공지같은거 없었죠?
[18:48:32] <qwer9901> 이달의 우수게임 1부 (한국콘텐츠진흥원에서 선정한 후보게임 4개를 플레이해보고 우수게임을 선정합니다) (다음주에 2부를 해서 최종 우승작이 선정될 예정입니다)
[18:48:36] <조국수호의선봉조강현 (patriotkingkanghyun)> 침갤 12월 일정 게시글이 사라졌던데.. 흠터레스팅..
[18:48:56] <%$NosPawn13> 공지로 올라가서 안보이는걸꺼에요
[18:48:57] <diyo1999> 안사라지고 공지에 있음
[18:48:57] <qwer9901> 국방부 다음으로 돈타먹기 좋은 곳이 콘진원이라던데....
[18:49:05] <조국수호의선봉조강현 (patriotkingkanghyun)> 아 ㄱㅅㄱㅅ
[18:49:31] <diyo1999> 침착맨님 뭐하시는지 모르겠지만 방송켜고 같이해요
[18:49:49] <qwer9901> 말만 이달이지 검색해보니 분기마다 뽑네
[18:50:11] <qwer9901> ***
[18:50:35] <그라니트자카 (scars147)> 방송 킬때까지 숨 참는다 흡
[18:50:41] <qwer9901> Last Arrows 이카루스M 동시팝 캔디 더 도어 요렇게 하실 듯
[18:51:07] <조국수호의선봉조강현 (patriotkingkanghyun)> 이름부터 떵겜 스멜.. 흠...
[18:51:27] <그라니트자카 (scars147)> 동시팝 쏘영이 합방각이다
[18:51:27] <조국수호의선봉조강현 (patriotkingkanghyun)> 라스트 애로우즈는 예전에 트레일러 본적있는거 같은데 그거 맞나
[18:51:31] <diyo1999> ㅎㅎ
[18:55:29] <%sofree8423> 7시 됬따 이말이야
[18:55:45] <바르샤바간장게장 (warsaw_soycrab)> 침하
[18:55:55] <감자뽂음 (demites12)> 흡
[18:56:20] <그라니트자카 (scars147)> @==(^^3)@
[18:56:24] <갈치갈치 (woqls7004)> 흠흠
[18:56:30] <조국수호의선봉조강현 (patriotkingkanghyun)> 흡
[18:56:49] <흐어억 (bookworm353)> 존버
[18:57:08] <Necropando> PunOko PunOko
[18:57:10] <오인용 (qqpprr)> 7시다 이말이야
[18:57:17] <김안뇽 (kimhell0)> 오늘도 7시 언저리의 침착맨
[18:57:21] <그라니트자카 (scars147)> Kreygasm Kreygasm
[18:57:30] <조국수호의선봉조강현 (patriotkingkanghyun)> 나 숨넘어간다~
[18:57:31] <흐어억 (bookworm353)> 존버는 승리합니다
[18:58:05] <@싹둑 (ssakdook)> 침투부에서 방송 하이라이트영상이 올라갑니다. https://www.youtube.com/user/zilioner83/
[18:58:27] <~%침착맨 (zilioner)> 여러분
[18:58:28] <~%침착맨 (zilioner)> 죄송합니다
[18:58:32] <노란고블린 (yellagoblin)> ㅡㅡ
[18:58:33] <갈치갈치 (woqls7004)> ;;
[18:58:33] <조국수호의선봉조강현 (patriotkingkanghyun)> 침하
[18:58:34] <침착년이말맨 (kinggu_godgu)> ?
[18:58:34] <쥬이시 (pick8989)> 침하
[18:58:35] <~%침착맨 (zilioner)> 기술적인 부분으로 세팅이 안되어서
[18:58:39] <쥬이시 (pick8989)> ?
[18:58:41] <diyo1999> 헉
[18:58:47] <감자뽂음 (demites12)> ?
[18:58:47] <그라니트자카 (scars147)> 기계치 ㅇㅈ합니다
[18:58:49] <~%침착맨 (zilioner)> 길어질 것 같아요
[18:58:49] <쥬이시 (pick8989)> 설마
[18:58:55] <오인용 (qqpprr)> 흠
[18:58:55] <brpark1> 침하
[18:58:56] <침착년이말맨 (kinggu_godgu)> 늦으셔도 이해합니다,,,
[18:58:57] <diyo1999> 오늘 방송이 안된다고 하시는줄알고 깜짝놀랬는데
[18:58:58] <조국수호의선봉조강현 (patriotkingkanghyun)> 천천히 하세요
[18:58:58] <김안뇽 (kimhell0)> 휴
[18:58:59] <갈치갈치 (woqls7004)> 아아
[18:58:59] <감자뽂음 (demites12)> 흡
[18:59:00] <그라니트자카 (scars147)> 설마 VR 조지실려고
[18:59:00] <눈누니 (popolican)> 존버하겠읍니다
[18:59:01] <diyo1999> 늦어지는건 얼마든지 갠찮아요
[18:59:01] <~%침착맨 (zilioner)> 휴대폰
[18:59:02] <바르샤바간장게장 (warsaw_soycrab)> 흡
[18:59:03] <오인용 (qqpprr)> ?
[18:59:04] <~%침착맨 (zilioner)> 게임인데
[18:59:05] <그라니트자카 (scars147)> 아니네
[18:59:05] <김안뇽 (kimhell0)> 방송만 켜주면됩니다
[18:59:06] <~%침착맨 (zilioner)> 쿠키런같이
[18:59:08] <~%침착맨 (zilioner)> 양손으로 해야해서
[18:59:11] <감자뽂음 (demites12)> 꾸끼런
[18:59:21] <brpark1> 쬬전 온라인 보면서 기다리겠습니다
[18:59:21] <diyo1999> 천천히 하세요 밤새 기다릴수있어요
[18:59:22] <~%침착맨 (zilioner)> 녹스론 마우스 한손밖에 안되니까
[18:59:22] <조국수호의선봉조강현 (patriotkingkanghyun)> 양손 마우스 ㄷㄷㄷ
[18:59:24] <그라니트자카 (scars147)> 폰 연결하씨는구나
[18:59:29] <~%침착맨 (zilioner)> 근데 인식을 못함
[18:59:32] <눈누니 (popolican)> 기다릴께여~
[18:59:34] <쥬이시 (pick8989)> 존ㅡ버
[18:59:36] <그라니트자카 (scars147)> 태블릿으로 하죠
[18:59:39] <침착년이말맨 (kinggu_godgu)> 오늘게임 죄다 폰게임인가
[18:59:40] <갈치갈치 (woqls7004)> 헉
[18:59:44] <오인용 (qqpprr)> 셋팅전 방송키고 굽죠
[18:59:46] <qwer9901> 하나 보드게임 같던데
[18:59:47] <%$NosPawn13> 헉
[18:59:51] <오인용 (qqpprr)> 아님곰보
[18:59:54] <mushsh55> 이거 지금 채팅?
[18:59:55] <inmyhand77> 아아. 마이크 테스트.
[18:59:56] <diyo1999> 아니면 바꿔서 오늘 저번에 설치못한 그게임을 하고 담에 오늘 컨텐츠 하셔도
[18:59:57] <zuljin33> 캠 입에물고 폰으로 하시죠
[19:00:01] <kvetch> 녹스 키보드로 되지않음?
[19:00:05] <김안뇽 (kimhell0)> 컴잘알들 훈수ㄱ
[19:00:06] <감자뽂음 (demites12)> 블루스택은 키보드 될텐데
[19:00:12] <미국대통령 (tjdwns108)> 저번에 설치 못한 게임이 뭐지?
[19:00:20] <%하루카 (imp190)> 그
[19:00:21] <미국대통령 (tjdwns108)> 대혁명 말고 또 뭐 설치하려 한 거 잇음?
[19:00:24] <그라니트자카 (scars147)> 요거 콘텐츠진흥원이랑 같이 하시는 콘텐츠같던데
[19:00:26] <%하루카 (imp190)> 녹스플레이어에 가상키 있잖아요
[19:00:30] <diyo1999> 아 대혁명 하셨구나
[19:00:31] <감자뽂음 (demites12)> 저번에 못한게임 피자아님?
[19:00:32] <diyo1999> 밀린게 피자였구나
[19:00:35] <inmyhand77> 아아
[19:00:39] <미국대통령 (tjdwns108)> 아 그 피자
[19:00:42] <%하루카 (imp190)> AB버튼 있는거면 AB버튼쪽에 가상키 지정해놓고
[19:00:47] <%하루카 (imp190)> 키보드 마우스로는 안됨?
[19:01:17] <qwer9901> 이런거 계속 할거면 홍보 방송용 세컨폰 장만하셔서 폰으로 연결해서 하면 좋긴하죠.
[19:01:45] <~%침착맨 (zilioner)> 게임 하나가
[19:01:50] <~%침착맨 (zilioner)> 녹스에서인식이 안됨
[19:01:53] <~%침착맨 (zilioner)> 에뮬레이터로
[19:02:01] <~%침착맨 (zilioner)> 미뮤도 실행을 못함
[19:02:08] <%$NosPawn13> mhl 미러링 케이블 하나 있는것도 좋을듯
[19:02:18] <갈치갈치 (woqls7004)> 앗
[19:02:19] <Gloomyred> 그걸 홍보 시키는 쪽이 잘못햇네
[19:02:20] <%하루카 (imp190)> 블루스택은 되나?
[19:02:33] <~%침착맨 (zilioner)> 미러링 케이블 이엇는데
[19:02:39] <~%침착맨 (zilioner)> 인식을 못함
[19:02:42] <%$NosPawn13> 앗,,
[19:02:51] <%$라임볼 (cyzkdlwu)> 오늘 7시 방송 아님?
[19:02:54] <sjh3321> 호곡
[19:02:55] <매우매움 (gkfnekq23)> 잘 타일르면 될듯
[19:02:59] <%하루카 (imp190)> 세팅전 굽는중이시래요
[19:02:59] <감자뽂음 (demites12)> 광고주는 대체 무슨생각으로 인식못시키는 게임을 의뢰한거지
[19:03:01] <김안뇽 (kimhell0)> 나도 컴알못이라ㅈㅅ...
[19:03:03] <조국수호의선봉조강현 (patriotkingkanghyun)> 세팅전 구우시는중
[19:03:37] <감자뽂음 (demites12)> 겜이름이 뭐예요?
[19:03:56] <diyo1999> 이카루스 m 이거때문이신가
[19:04:18] <wjsals27> 침착
[19:04:49] <조국수호의선봉조강현 (patriotkingkanghyun)> 테스트도 안해보고 이걸 광고를 맡겨버리네
[19:04:53] <조국수호의선봉조강현 (patriotkingkanghyun)> 콘진원.. 흠..
[19:05:02] <미국대통령 (tjdwns108)> 광고주가 너무하네. 아조씨 연령 생각해서 직원 1명 파견해줬어야지
[19:05:15] <mushsh55> ㅋㅋㅋㅋㅋ
[19:05:15] <조국수호의선봉조강현 (patriotkingkanghyun)> 김나성 불러!
[19:05:22] <김안뇽 (kimhell0)> 침착해
[19:05:45] <kakahu123> 콘진원 취직해서 침착맨님 한테 일거리 줘야겠다
[19:06:00] <~%침착맨 (zilioner)> 여러분
[19:06:02] <그라니트자카 (scars147)> 동료 스트리먿르의 힘이 푤아하다
[19:06:02] <~%침착맨 (zilioner)> 죄송해요
[19:06:05] <~%침착맨 (zilioner)> 오늘 방송 취소
[19:06:07] <김안뇽 (kimhell0)> ㅠㅠ
[19:06:07] <~%침착맨 (zilioner)> 됐어요
[19:06:08] <갈치갈치 (woqls7004)> 아아
[19:06:08] <%$NosPawn13> 엇
[19:06:10] <쥬이시 (pick8989)> ㅠㅠ
[19:06:10] <조국수호의선봉조강현 (patriotkingkanghyun)> 헉
[19:06:11] <강냉이콜렉터 (manasai)> 헐 왜요
[19:06:11] <감자뽂음 (demites12)> 엇
[19:06:11] <~%침착맨 (zilioner)> 가볼게요
[19:06:12] <침착년이말맨 (kinggu_godgu)> 띠요오옹
[19:06:12] <그라니트자카 (scars147)> 어게이
[19:06:13] <조국수호의선봉조강현 (patriotkingkanghyun)> 앗..
[19:06:14] <%$NosPawn13> 에써,,
[19:06:14] <wjsals27> 아앗?
[19:06:14] <쥬이시 (pick8989)> 호곡
[19:06:15] <~%침착맨 (zilioner)> 안녕,,,
[19:06:17] <%$NosPawn13> 담에 봐요,,
[19:06:17] <침착년이말맨 (kinggu_godgu)> 빠이구,,,
[19:06:18] <강냉이콜렉터 (manasai)> 어딜가
[19:06:18] <%하루카 (imp190)> 헉
[19:06:19] <감자뽂음 (demites12)> 829,,,
[19:06:19] <쥬이시 (pick8989)> 안돼,,,
[19:06:19] <조국수호의선봉조강현 (patriotkingkanghyun)> 에바참치
[19:06:19] <%하루카 (imp190)> 속상해...
[19:06:19] <%$NosPawn13> 구빠이,,,,
[19:06:20] <riae2> 잉 취소?
[19:06:20] <갈치갈치 (woqls7004)> 829...
[19:06:22] <riae2> 내일해요?
[19:06:23] <DAYLIGHT89> ㅠㅠ
[19:06:24] <그라니트자카 (scars147)> 추운데... 조심히.. 가십쇼 ...
[19:06:24] <쥬이시 (pick8989)> 속상하다 진짜
[19:06:34] <%하루카 (imp190)> 히오스..두판만하구가...ㅠㅜ
[19:06:40] <오인용 (qqpprr)> 며용~
[19:06:42] <조국수호의선봉조강현 (patriotkingkanghyun)> 오늘도.. 침튜브로.. 버텨봅니다..
[19:06:43] <DAYLIGHT89> 고생하셨습니당..
[19:06:46] <강냉이콜렉터 (manasai)> 침바 ㅠㅠ
[19:06:46] <오인용 (qqpprr)> 빠이구
[19:06:52] <노란고블린 (yellagoblin)> 제 발 히 오 스 라 도 하 구 가
[19:06:53] <김안뇽 (kimhell0)> 출근한다고 고생하셨슴ㅂ다
[19:06:54] <침착년이말맨 (kinggu_godgu)> 이래서 모발겜이란,,,
[19:06:55] <김안뇽 (kimhell0)> 빠이구ㅜㅜ
[19:06:59] <diyo1999> 힝 ㅠㅠ 빠이구
[19:06:59] <눈누니 (popolican)> 힝 ㅠㅠ
[19:07:11] <김안뇽 (kimhell0)> 쏘영이랑 저녁 잘 보내세요ㅠㅠ
[19:07:12] <Gloomyred> 아,,,,빠이구,,,
[19:07:18] <쥬이시 (pick8989)> 빠이구,,
[19:07:21] <눈누니 (popolican)> 빠빠이...
[19:07:41] <김안뇽 (kimhell0)> 갔냐?
[19:07:52] <diyo1999> 컨디션 조절 잘하시구 내일 친선전 잘하세요
[19:08:00] <됴단지 (apieceofcakeyyy)> 힝입니다ㅠㅠ
[19:08:02] <qwer9901> 내일 친선전 누구 나오는지 뜬거 없죠?
[19:08:09] <%$NosPawn13> 침갤에
[19:08:15] <diyo1999> 멤버는 여덟명 있는데 내일 뽑아서 한다고함
[19:08:18] <%$NosPawn13> 있어요! 해변킴님이 말씀하신거 정리해둔거
[19:08:25] <감자뽂음 (demites12)> 내일 중계 어디서함?
[19:08:35] <침착년이말맨 (kinggu_godgu)> 신정민님 채널에서 할거같네요
[19:08:42] <감자뽂음 (demites12)> ㅇㅇ 감사요
[19:08:48] <~%침착맨 (zilioner)> 미안해요 ㅎㅎ,,
[19:09:00] <%$NosPawn13> 아녀유
[19:09:02] <Gloomyred> 아조씨 잘못도 아닌데 뭘요,,
[19:09:03] <DAYLIGHT89> 아닙니다요
[19:09:05] <%하루카 (imp190)> 빠이구,,,
[19:09:06] <조국수호의선봉조강현 (patriotkingkanghyun)> 내일뵈요 아조씨
[19:09:09] <그라니트자카 (scars147)> 어쩔수 없죠 인정하시죠?
[19:09:10] <쥬이시 (pick8989)> 괜찮아요 빠이구,,,
[19:09:11] <침착년이말맨 (kinggu_godgu)> 829,,,
[19:09:11] <찡끗님 (youngseo0709)> 괜찮아용 내일뵈어요
[19:09:11] <그라니트자카 (scars147)> 하고 가주세요
[19:09:14] <감자뽂음 (demites12)> 씨유투마로
[19:09:19] <%$mallang00> ??
[19:09:34] <감자뽂음 (demites12)> 근데 이카루스M 이거 블루스택에서도 안먹네 이유가 뭐지
[19:09:39] <qwer9901> 휴식중인 갓보기가 있네
[19:09:42] <김안뇽 (kimhell0)> 이렇게된거 얼른 집에 가세여
[19:09:55] <DAYLIGHT89> 5초 주겠습니다
[19:10:02] <brpark1> ㅠㅠㅠㅠㅠㅠㅠㅠㅠ
[19:10:03] <%$mallang00> 아 오늘 쉬셔요?
[19:10:14] <감자뽂음 (demites12)> 에뮬로 폰겜 돌려야하는데
[19:10:15] <눈누니 (popolican)> 밖에 춥던데 얼렁 들어가세요 ㅠ^ㅠ 빠빠이
[19:10:17] <감자뽂음 (demites12)> 인식이 안된다고
[19:10:17] <그라니트자카 (scars147)> 기술적... 문제로...
[19:10:17] <diyo1999> 하나가 모바일 게임인데 그게 인식이 안되서
[19:10:26] <diyo1999> 취소되었대요 담으로 미뤄질듯
[19:10:43] <강냉이콜렉터 (manasai)> 조꾸조꾸라도 한판 하고가지...
[19:10:53] <%$닭발요정 (kdhye95)> 힝구..ㅜ
[19:11:21] <조국수호의선봉조강현 (patriotkingkanghyun)> 님들 침튜브 신작 뜸
[19:11:26] <조국수호의선봉조강현 (patriotkingkanghyun)> 근데 사실 구라임
[19:11:34] <diyo1999> 근데 실제로 뜨는 시간이니까 떴을듯
[19:11:36] <diyo1999> 일곱시
[19:11:46] <감자뽂음 (demites12)> 헤어스타일 월드컵 뜨지않음?
[19:12:08] <diyo1999> ㅋㅋㅋㅋ 적토마 머리 ㅋㅋㅋㅋ
[19:12:46] <qwer9901> 사무라이컷은 그냥 탈모가 계속 진행되면 자동으로...
[19:13:20] <diyo1999> 헤이하치..
[19:13:40] <수부따이 (bsms16)> 그립읍니다 ㅜㅜ
[19:16:08] <puruenyang> 왜 안와 머리 뜯어버릴라
[19:16:28] <diyo1999> 방송 취소됨
[19:17:12] <diyo1999> 오셔서 설명하시구 미안하다고 하고 가셨음
[19:21:58] <바르샤바간장게장 (warsaw_soycrab)> 흑흑 결국 취소됫다니,,,
[19:26:46] <큐지_ (qzyyy)> 끼에에에에ㅔ에엑
[19:33:33] <@%Jeongoon> ccaChaosMan ccaChaosMan ccaChaosMan
[19:40:23] <익산맨 (alonchan25)> 일곱시 방송도 취소?
[19:41:31] <%돌숭이동인지 (jflute1228)> 취소됨
[19:41:35] <%돌숭이동인지 (jflute1228)> 세팅문제로 못한다네여
[19:41:47] <@%Jeongoon> 그랬구나
[19:42:01] <@%Jeongoon> 일하다가 이제와보니 안 켜져 있길래
[19:42:09] <@%Jeongoon> ccaBS ccaBS
[19:42:09] <공부랑담쌓은대학생 (hongman2)> 침착맨오늘생방왜안해요?
[19:42:20] <공부랑담쌓은대학생 (hongman2)> 7시에한댓는데
[19:42:31] <@%Jeongoon> 세팅문제인듯 자세한건 저도 모름
[19:42:51] <공부랑담쌓은대학생 (hongman2)> 또배신햇네
[19:44:51] <김쟝김치 (svipjy36)> 헐랭
[19:45:03] <김쟝김치 (svipjy36)> 기술적인 부분이라 할 말이 없다!
[19:45:21] <김쟝김치 (svipjy36)> 그러면 정신적인 부분을 공격해도 되나요?
[19:48:02] <하늘빛비룡 (qlqjs66)> 오늘은 취소 내일은 히오스
[19:48:18] <하늘빛비룡 (qlqjs66)> PunOko PunOko
[19:49:57] <qoafjqm> ?
[19:50:03] <qoafjqm> 침착맨 언제와
[19:54:26] <hylee830> 절 대 방 송 해 ㅠ ㅠ
[19:59:02] <@싹둑 (ssakdook)> 침투부에서 방송 하이라이트영상이 올라갑니다. https://www.youtube.com/user/zilioner83/
[20:17:52] <%페퍼로니마니아 (lww59099)> 오늘 안오시나
[20:18:39] <%$vanilalmond91> 오늘
[20:18:45] <%$vanilalmond91> 세팅 문제로 취소되셨다고
[20:18:47] <%$vanilalmond91> 공지 올리셨음
[20:20:41] <%페퍼로니마니아 (lww59099)> 허걱 감샇바니다
