# Log started: 2018-12-10 00:00:01 +0900
[00:00:01] <아나키__ (dlrhkddls)> 방종
[00:00:01] <마스머리가읍읍 (kids007)> 벌써
[00:00:01] <rlawls874> 오방레 ㄹㅇ
[00:00:06] <soonzzasd> 앗...방종 ㅠ
[00:00:09] <%ozkim> 내일 공방이라 일찍 끔
[00:00:18] <라스테아 (lastnoa)> ㅇ
[00:00:27] <뤼용 (sy3363)> 방종?
[00:00:34] <바비나 (verbena86)> ㅇㅇ
[00:00:36] <늅늅이라고욧 (what0982)> 따악
[00:00:43] <말양 (mioc1102)> 따악?
[00:00:44] <니밑엘 (spk0724)> ㄴㄴ 좀이따 다시 킨데요
[00:00:52] <말양 (mioc1102)> 앗
[00:00:53] <wonjin9911> ㄹㅇ임?
[00:00:58] <말양 (mioc1102)> 알겠웁니다
[00:00:59] <풍뉴라이프 (maple1305)> 하스 다시 하나요?
[00:01:01] <니밑엘 (spk0724)> 평소에 이시간에 끄는거 보셨나용
[00:01:02] <니밑엘 (spk0724)> 넹
[00:01:05] <니밑엘 (spk0724)> 합니다
[00:01:10] <말양 (mioc1102)> 그로킨하죠
[00:01:13] <말양 (mioc1102)> 호호
[00:01:19] <뤼용 (sy3363)> 병원간다며
[00:01:22] <mchyeon> 끝났나보네
[00:01:24] <뤼용 (sy3363)> 효니
[00:01:25] <gywkehd> ?? 저 짖금왔는데 방송 끝났나여
[00:01:28] <니밑엘 (spk0724)> 1시간 뒤에 다시 킨데영
[00:01:30] <%+ZuenGal> 저도 지금왔음ㅋㅋ
[00:01:42] <대머리고구마 (tiliya)> 효니 아파요?
[00:01:46] <돌흥이 (dlxogmd1402)> 1시간뒤에 킨다구요??
[00:01:50] <니밑엘 (spk0724)> 넹넹
[00:01:50] <뤼용 (sy3363)> 치질
[00:01:57] <와이즈로우 (hbchoi08)> 오늘 구독권 512개 투기장 했나요
[00:01:57] <대머리고구마 (tiliya)> 이시간에 병원이면 응급실인뎈 ㅋㅋ
[00:01:58] <%ozkim> X꼬가,,,
[00:01:59] <돌흥이 (dlxogmd1402)> 누워있어야해서 그런가 ㅠㅠ빵딩이
[00:02:11] <conorobi> 방종했어요?
[00:02:14] <badaclock> 효니 야생감?
[00:02:17] <니밑엘 (spk0724)> 아녀
[00:02:17] <힐주러따라감 (gbxkvs)> ㅔ
[00:02:24] <군머또가고시프다 (glakffkditks)> ㅇ
[00:02:25] <기동이라요 (kgh9985)> 어디갔어여
[00:02:26] <힐주러따라감 (gbxkvs)> 트수 해산!
[00:02:26] <니밑엘 (spk0724)> 1시간 뒤에 다시 킨데영
[00:02:28] <%+지니라이 (tmd828)> 뭔 방송킴
[00:02:30] <%ozkim> 허위정보 밴입니다
[00:02:32] <%+지니라이 (tmd828)> 오늘 끝 아님??
[00:02:33] <힐주러따라감 (gbxkvs)> 왜 구라쳐여
[00:02:34] <기동이라요 (kgh9985)> ㅠㅠ
[00:02:37] <badaclock> ㅜㅜ
[00:02:39] <zxxd23> ??방송 한거임??
[00:02:44] <%+ZuenGal> ㅔ\
[00:02:44] <니밑엘 (spk0724)> 아니 이렇게 일찍 방종하는거 보셨나영
[00:02:46] <니밑엘 (spk0724)> 여러분
[00:02:49] <badaclock> 방종인가?
[00:02:51] <니밑엘 (spk0724)> 사람을 믿으세여
[00:02:54] <kustudent> 낚시도 적당히해야지
[00:02:55] <%ozkim> 트또믿?
[00:02:58] <kustudent> 낼행사있다고 일찍간건데 ㅋㅋ
[00:03:00] <minwoo28> ?
[00:03:03] <idskdltm> ???
[00:03:05] <%+ZuenGal> ㅇㅎ
[00:03:05] <%+지니라이 (tmd828)> 어그로 일름보하면
[00:03:05] <badaclock> 으악
[00:03:06] <니밑엘 (spk0724)> 1시간 뒤에 따효니는 돌아옵니다
[00:03:09] <badaclock> 속았다
[00:03:09] <primrose425> ㅠㅠ 돌아와
[00:03:09] <%+지니라이 (tmd828)> 밴되나
[00:03:13] <minwoo28> ㅂㅂ
[00:03:15] <힐주러따라감 (gbxkvs)> 일단 차단 ^^
[00:03:16] <292929292929> 뇌피셜을 진짜처럼 말하네
[00:03:18] <니밑엘 (spk0724)> 여러분 믿음을 가져요
[00:03:19] <%+ZuenGal> 트바
[00:03:22] <%+지니라이 (tmd828)> 일름보 하러 갑니다
[00:03:28] <primrose425> 믿음을 가지면
[00:03:29] <conorobi> ㅌㅂ~~
[00:03:29] <니밑엘 (spk0724)> 넹넹
[00:03:30] <primrose425> 돌아와요
[00:03:34] <zxxd23> 진짜 끝남???;;
[00:03:36] <minwoo28> 4천명보는데?
[00:03:40] <+그롬마쉬헬스크림 (whitefor)> 방종?
[00:03:41] <니밑엘 (spk0724)> 기적을 믿습니까
[00:03:44] <%+지니라이 (tmd828)> 끝남 내일 일정있으시다고
[00:03:45] <니밑엘 (spk0724)> 여러분
[00:03:45] <badaclock> 내일 일있다고 말하긴 했는데
[00:03:49] <primrose425> 믿음을 가지십시오.
[00:03:50] <힐주러따라감 (gbxkvs)> 방종입니다
[00:03:59] <%ozkim> 빨리 자러들 가세요,,,
[00:04:00] <니밑엘 (spk0724)> 돌아오십니다 효니님은
[00:04:02] <minwoo28> 아니 이사람들이..
[00:04:03] <badaclock> 방종임
[00:04:10] <kustudent> 방종임
[00:04:12] <니밑엘 (spk0724)> 돌아올 겁니다
[00:04:23] <badaclock> 댕댕이 소리 그만하고
[00:04:26] <zxxd23> 방종이네
[00:04:31] <badaclock> 진짜 방종임
[00:04:38] <썩은홍삼 (ashong5)> 방종이내
[00:04:39] <zxxd23> 방금켯는데.
[00:04:41] <zxxd23> 너무 아쉽다
[00:04:41] <니밑엘 (spk0724)> 불신의 사회 너무 무섭다
[00:04:48] <%북극뚱냥이 (sym0310)> 따바 ㅠ
[00:04:51] <wonjin9911> 믿습니다
[00:04:55] <행복한98년생 (happy981024)> 언제갔어
[00:04:58] <니밑엘 (spk0724)> 믿으십시오
[00:05:04] <행복한98년생 (happy981024)> 효니 오 효니 제발떠나지마
[00:05:23] <taseaja23> 효니 방종이야?
[00:05:25] <쏠쏠쏠쏠쏠 (solpark)> 언제갔어 ㅠ
[00:05:34] <taseaja23> 컵피자 사오니깐 꺼져있네
[00:05:48] <서브노티카 (carrouselpk)> 역시 나는 못받았네 히이
[00:05:53] <jeffrey_grass> 사람 리듬이 쉬운게 아니지 한 시간뒤 잠이 안온다며 킨다
[00:06:42] <guroharu> ㄹ
[00:07:04] <dbtjd37840> 방송킨듯?
[00:08:49] <badaclock> 방종이여
[00:08:59] <badaclock> 내일도 효니 지각하면 안되자너
[00:09:52] <%ozkim> 앗 방종후 구독 연장,,,
[00:10:25] <탐킝 (jjh9030)> 우디갓어
[00:10:30] <탐킝 (jjh9030)> :(
[00:12:10] <대머리고구마 (tiliya)> 까비..
[00:17:52] <까불_ (kyw924)> ㅠㅠ
[00:17:58] <장미 (isnl2)> 왜방종함?
[00:19:21] <kimjunho7750> ?
[00:19:24] <sarevok_v> ㅠ
[00:20:38] <아파요 (ydw5277)> 음
[00:22:07] <우주류공기 (starcgb)> @tiliya
[00:22:16] <우주류공기 (starcgb)> @tiliya @tiliya @tiliya
[00:25:05] <그것의값 (tjdwns12gh)> :p ;p
[00:27:57] <밀렛 (jhs123564)> ?
[00:45:51] <남비수 (ngw8282)> 따아아아아아아아아악
[01:12:58] <모오리돌 (aktmd123)> 따아아아악
[01:19:23] <리짓 (jngoodman)> 방종각
[01:27:59] <여고생킬러조강현 (ducsan0)> 55
[01:54:06] <스담 (xpsl1593)> 따아아아아아악!
[02:03:01] <%브레게워치 (dhgudwls07)> 따악
[02:31:33] <자야디 (dudtjr4965)> ㄹㅈㄹ
[03:24:13] <포용 (uty6509)> ㄷ
[04:00:33] <독서가_여우 (lord1824)> ㄷ
[04:46:16] <myomyomyo1414> ㅇㅇ
[09:31:19] <야생의벗레호크 (puff98)> 12
[12:04:29] <꼬오롱 (cologne119)> 따아악
[13:04:48] <황소_ (goahdk2000)> 1
[14:41:44] <사타구니냄새를맡는조강현 (kanghyeonspee)> 1
[16:26:58] <새끼발 (prduc)> gd
[19:08:32] <$뜨거운심장볼바르 (farthyunoo)> ㅠㅠ
[20:51:43] <밤길을걷는자 (dmgk1184)> 오뱅없?
[21:28:03] <매티_ (zeminkim1)> 효니형 언제와요?
[22:14:27] <진효야똑바로안하냐 (i_am_won)> 아 방송보고싶다
[22:18:28] <목마른철새 (asas2s)> 020
